ARM GAS  C:\Users\vic_user\AppData\Local\Temp\ccNCGbVD.s 			page 1


   1              		.cpu cortex-m0plus
   2              		.eabi_attribute 20, 1
   3              		.eabi_attribute 21, 1
   4              		.eabi_attribute 23, 3
   5              		.eabi_attribute 24, 1
   6              		.eabi_attribute 25, 1
   7              		.eabi_attribute 26, 1
   8              		.eabi_attribute 30, 1
   9              		.eabi_attribute 34, 0
  10              		.eabi_attribute 18, 4
  11              		.file	"stm32l0xx_hal_i2c_ex.c"
  12              		.text
  13              	.Ltext0:
  14              		.cfi_sections	.debug_frame
  15              		.section	.text.HAL_I2CEx_ConfigAnalogFilter,"ax",%progbits
  16              		.align	1
  17              		.global	HAL_I2CEx_ConfigAnalogFilter
  18              		.arch armv6s-m
  19              		.syntax unified
  20              		.code	16
  21              		.thumb_func
  22              		.fpu softvfp
  24              	HAL_I2CEx_ConfigAnalogFilter:
  25              	.LVL0:
  26              	.LFB42:
  27              		.file 1 "mcu-bsp/peripherals/stm32l0xx/src/stm32l0xx_hal_i2c_ex.c"
   1:mcu-bsp/peripherals/stm32l0xx/src/stm32l0xx_hal_i2c_ex.c **** /**
   2:mcu-bsp/peripherals/stm32l0xx/src/stm32l0xx_hal_i2c_ex.c ****   ******************************************************************************
   3:mcu-bsp/peripherals/stm32l0xx/src/stm32l0xx_hal_i2c_ex.c ****   * @file    stm32l0xx_hal_i2c_ex.c
   4:mcu-bsp/peripherals/stm32l0xx/src/stm32l0xx_hal_i2c_ex.c ****   * @author  MCD Application Team
   5:mcu-bsp/peripherals/stm32l0xx/src/stm32l0xx_hal_i2c_ex.c ****   * @brief   I2C Extended HAL module driver.
   6:mcu-bsp/peripherals/stm32l0xx/src/stm32l0xx_hal_i2c_ex.c ****   *          This file provides firmware functions to manage the following
   7:mcu-bsp/peripherals/stm32l0xx/src/stm32l0xx_hal_i2c_ex.c ****   *          functionalities of I2C Extended peripheral:
   8:mcu-bsp/peripherals/stm32l0xx/src/stm32l0xx_hal_i2c_ex.c ****   *           + Filter Mode Functions
   9:mcu-bsp/peripherals/stm32l0xx/src/stm32l0xx_hal_i2c_ex.c ****   *           + WakeUp Mode Functions
  10:mcu-bsp/peripherals/stm32l0xx/src/stm32l0xx_hal_i2c_ex.c ****   *           + FastModePlus Functions
  11:mcu-bsp/peripherals/stm32l0xx/src/stm32l0xx_hal_i2c_ex.c ****   *
  12:mcu-bsp/peripherals/stm32l0xx/src/stm32l0xx_hal_i2c_ex.c ****   @verbatim
  13:mcu-bsp/peripherals/stm32l0xx/src/stm32l0xx_hal_i2c_ex.c ****   ==============================================================================
  14:mcu-bsp/peripherals/stm32l0xx/src/stm32l0xx_hal_i2c_ex.c ****                ##### I2C peripheral Extended features  #####
  15:mcu-bsp/peripherals/stm32l0xx/src/stm32l0xx_hal_i2c_ex.c ****   ==============================================================================
  16:mcu-bsp/peripherals/stm32l0xx/src/stm32l0xx_hal_i2c_ex.c **** 
  17:mcu-bsp/peripherals/stm32l0xx/src/stm32l0xx_hal_i2c_ex.c ****   [..] Comparing to other previous devices, the I2C interface for STM32L0xx
  18:mcu-bsp/peripherals/stm32l0xx/src/stm32l0xx_hal_i2c_ex.c ****        devices contains the following additional features
  19:mcu-bsp/peripherals/stm32l0xx/src/stm32l0xx_hal_i2c_ex.c **** 
  20:mcu-bsp/peripherals/stm32l0xx/src/stm32l0xx_hal_i2c_ex.c ****        (+) Possibility to disable or enable Analog Noise Filter
  21:mcu-bsp/peripherals/stm32l0xx/src/stm32l0xx_hal_i2c_ex.c ****        (+) Use of a configured Digital Noise Filter
  22:mcu-bsp/peripherals/stm32l0xx/src/stm32l0xx_hal_i2c_ex.c ****        (+) Disable or enable wakeup from Stop mode(s)
  23:mcu-bsp/peripherals/stm32l0xx/src/stm32l0xx_hal_i2c_ex.c ****        (+) Disable or enable Fast Mode Plus
  24:mcu-bsp/peripherals/stm32l0xx/src/stm32l0xx_hal_i2c_ex.c **** 
  25:mcu-bsp/peripherals/stm32l0xx/src/stm32l0xx_hal_i2c_ex.c ****                      ##### How to use this driver #####
  26:mcu-bsp/peripherals/stm32l0xx/src/stm32l0xx_hal_i2c_ex.c ****   ==============================================================================
  27:mcu-bsp/peripherals/stm32l0xx/src/stm32l0xx_hal_i2c_ex.c ****   [..] This driver provides functions to configure Noise Filter and Wake Up Feature
  28:mcu-bsp/peripherals/stm32l0xx/src/stm32l0xx_hal_i2c_ex.c ****     (#) Configure I2C Analog noise filter using the function HAL_I2CEx_ConfigAnalogFilter()
  29:mcu-bsp/peripherals/stm32l0xx/src/stm32l0xx_hal_i2c_ex.c ****     (#) Configure I2C Digital noise filter using the function HAL_I2CEx_ConfigDigitalFilter()
  30:mcu-bsp/peripherals/stm32l0xx/src/stm32l0xx_hal_i2c_ex.c ****     (#) Configure the enable or disable of I2C Wake Up Mode using the functions :
  31:mcu-bsp/peripherals/stm32l0xx/src/stm32l0xx_hal_i2c_ex.c ****           (++) HAL_I2CEx_EnableWakeUp()
ARM GAS  C:\Users\vic_user\AppData\Local\Temp\ccNCGbVD.s 			page 2


  32:mcu-bsp/peripherals/stm32l0xx/src/stm32l0xx_hal_i2c_ex.c ****           (++) HAL_I2CEx_DisableWakeUp()
  33:mcu-bsp/peripherals/stm32l0xx/src/stm32l0xx_hal_i2c_ex.c ****     (#) Configure the enable or disable of fast mode plus driving capability using the functions :
  34:mcu-bsp/peripherals/stm32l0xx/src/stm32l0xx_hal_i2c_ex.c ****           (++) HAL_I2CEx_EnableFastModePlus()
  35:mcu-bsp/peripherals/stm32l0xx/src/stm32l0xx_hal_i2c_ex.c ****           (++) HAL_I2CEx_DisableFastModePlus()
  36:mcu-bsp/peripherals/stm32l0xx/src/stm32l0xx_hal_i2c_ex.c ****   @endverbatim
  37:mcu-bsp/peripherals/stm32l0xx/src/stm32l0xx_hal_i2c_ex.c ****   ******************************************************************************
  38:mcu-bsp/peripherals/stm32l0xx/src/stm32l0xx_hal_i2c_ex.c ****   * @attention
  39:mcu-bsp/peripherals/stm32l0xx/src/stm32l0xx_hal_i2c_ex.c ****   *
  40:mcu-bsp/peripherals/stm32l0xx/src/stm32l0xx_hal_i2c_ex.c ****   * <h2><center>&copy; Copyright (c) 2016 STMicroelectronics.
  41:mcu-bsp/peripherals/stm32l0xx/src/stm32l0xx_hal_i2c_ex.c ****   * All rights reserved.</center></h2>
  42:mcu-bsp/peripherals/stm32l0xx/src/stm32l0xx_hal_i2c_ex.c ****   *
  43:mcu-bsp/peripherals/stm32l0xx/src/stm32l0xx_hal_i2c_ex.c ****   * This software component is licensed by ST under BSD 3-Clause license,
  44:mcu-bsp/peripherals/stm32l0xx/src/stm32l0xx_hal_i2c_ex.c ****   * the "License"; You may not use this file except in compliance with the
  45:mcu-bsp/peripherals/stm32l0xx/src/stm32l0xx_hal_i2c_ex.c ****   * License. You may obtain a copy of the License at:
  46:mcu-bsp/peripherals/stm32l0xx/src/stm32l0xx_hal_i2c_ex.c ****   *                        opensource.org/licenses/BSD-3-Clause
  47:mcu-bsp/peripherals/stm32l0xx/src/stm32l0xx_hal_i2c_ex.c ****   *
  48:mcu-bsp/peripherals/stm32l0xx/src/stm32l0xx_hal_i2c_ex.c ****   ******************************************************************************
  49:mcu-bsp/peripherals/stm32l0xx/src/stm32l0xx_hal_i2c_ex.c ****   */
  50:mcu-bsp/peripherals/stm32l0xx/src/stm32l0xx_hal_i2c_ex.c **** 
  51:mcu-bsp/peripherals/stm32l0xx/src/stm32l0xx_hal_i2c_ex.c **** /* Includes ------------------------------------------------------------------*/
  52:mcu-bsp/peripherals/stm32l0xx/src/stm32l0xx_hal_i2c_ex.c **** #include "stm32l0xx_hal.h"
  53:mcu-bsp/peripherals/stm32l0xx/src/stm32l0xx_hal_i2c_ex.c **** 
  54:mcu-bsp/peripherals/stm32l0xx/src/stm32l0xx_hal_i2c_ex.c **** /** @addtogroup STM32L0xx_HAL_Driver
  55:mcu-bsp/peripherals/stm32l0xx/src/stm32l0xx_hal_i2c_ex.c ****   * @{
  56:mcu-bsp/peripherals/stm32l0xx/src/stm32l0xx_hal_i2c_ex.c ****   */
  57:mcu-bsp/peripherals/stm32l0xx/src/stm32l0xx_hal_i2c_ex.c **** 
  58:mcu-bsp/peripherals/stm32l0xx/src/stm32l0xx_hal_i2c_ex.c **** /** @defgroup I2CEx I2CEx
  59:mcu-bsp/peripherals/stm32l0xx/src/stm32l0xx_hal_i2c_ex.c ****   * @brief I2C Extended HAL module driver
  60:mcu-bsp/peripherals/stm32l0xx/src/stm32l0xx_hal_i2c_ex.c ****   * @{
  61:mcu-bsp/peripherals/stm32l0xx/src/stm32l0xx_hal_i2c_ex.c ****   */
  62:mcu-bsp/peripherals/stm32l0xx/src/stm32l0xx_hal_i2c_ex.c **** 
  63:mcu-bsp/peripherals/stm32l0xx/src/stm32l0xx_hal_i2c_ex.c **** #ifdef HAL_I2C_MODULE_ENABLED
  64:mcu-bsp/peripherals/stm32l0xx/src/stm32l0xx_hal_i2c_ex.c **** 
  65:mcu-bsp/peripherals/stm32l0xx/src/stm32l0xx_hal_i2c_ex.c **** /* Private typedef -----------------------------------------------------------*/
  66:mcu-bsp/peripherals/stm32l0xx/src/stm32l0xx_hal_i2c_ex.c **** /* Private define ------------------------------------------------------------*/
  67:mcu-bsp/peripherals/stm32l0xx/src/stm32l0xx_hal_i2c_ex.c **** /* Private macro -------------------------------------------------------------*/
  68:mcu-bsp/peripherals/stm32l0xx/src/stm32l0xx_hal_i2c_ex.c **** /* Private variables ---------------------------------------------------------*/
  69:mcu-bsp/peripherals/stm32l0xx/src/stm32l0xx_hal_i2c_ex.c **** /* Private function prototypes -----------------------------------------------*/
  70:mcu-bsp/peripherals/stm32l0xx/src/stm32l0xx_hal_i2c_ex.c **** /* Private functions ---------------------------------------------------------*/
  71:mcu-bsp/peripherals/stm32l0xx/src/stm32l0xx_hal_i2c_ex.c **** 
  72:mcu-bsp/peripherals/stm32l0xx/src/stm32l0xx_hal_i2c_ex.c **** /** @defgroup I2CEx_Exported_Functions I2C Extended Exported Functions
  73:mcu-bsp/peripherals/stm32l0xx/src/stm32l0xx_hal_i2c_ex.c ****   * @{
  74:mcu-bsp/peripherals/stm32l0xx/src/stm32l0xx_hal_i2c_ex.c ****   */
  75:mcu-bsp/peripherals/stm32l0xx/src/stm32l0xx_hal_i2c_ex.c **** 
  76:mcu-bsp/peripherals/stm32l0xx/src/stm32l0xx_hal_i2c_ex.c **** /** @defgroup I2CEx_Exported_Functions_Group1 Filter Mode Functions
  77:mcu-bsp/peripherals/stm32l0xx/src/stm32l0xx_hal_i2c_ex.c ****   * @brief    Filter Mode Functions
  78:mcu-bsp/peripherals/stm32l0xx/src/stm32l0xx_hal_i2c_ex.c ****   *
  79:mcu-bsp/peripherals/stm32l0xx/src/stm32l0xx_hal_i2c_ex.c **** @verbatim
  80:mcu-bsp/peripherals/stm32l0xx/src/stm32l0xx_hal_i2c_ex.c ****  ===============================================================================
  81:mcu-bsp/peripherals/stm32l0xx/src/stm32l0xx_hal_i2c_ex.c ****                       ##### Filter Mode Functions #####
  82:mcu-bsp/peripherals/stm32l0xx/src/stm32l0xx_hal_i2c_ex.c ****  ===============================================================================
  83:mcu-bsp/peripherals/stm32l0xx/src/stm32l0xx_hal_i2c_ex.c ****     [..] This section provides functions allowing to:
  84:mcu-bsp/peripherals/stm32l0xx/src/stm32l0xx_hal_i2c_ex.c ****       (+) Configure Noise Filters
  85:mcu-bsp/peripherals/stm32l0xx/src/stm32l0xx_hal_i2c_ex.c **** 
  86:mcu-bsp/peripherals/stm32l0xx/src/stm32l0xx_hal_i2c_ex.c **** @endverbatim
  87:mcu-bsp/peripherals/stm32l0xx/src/stm32l0xx_hal_i2c_ex.c ****   * @{
  88:mcu-bsp/peripherals/stm32l0xx/src/stm32l0xx_hal_i2c_ex.c ****   */
ARM GAS  C:\Users\vic_user\AppData\Local\Temp\ccNCGbVD.s 			page 3


  89:mcu-bsp/peripherals/stm32l0xx/src/stm32l0xx_hal_i2c_ex.c **** 
  90:mcu-bsp/peripherals/stm32l0xx/src/stm32l0xx_hal_i2c_ex.c **** /**
  91:mcu-bsp/peripherals/stm32l0xx/src/stm32l0xx_hal_i2c_ex.c ****   * @brief  Configure I2C Analog noise filter.
  92:mcu-bsp/peripherals/stm32l0xx/src/stm32l0xx_hal_i2c_ex.c ****   * @param  hi2c Pointer to a I2C_HandleTypeDef structure that contains
  93:mcu-bsp/peripherals/stm32l0xx/src/stm32l0xx_hal_i2c_ex.c ****   *                the configuration information for the specified I2Cx peripheral.
  94:mcu-bsp/peripherals/stm32l0xx/src/stm32l0xx_hal_i2c_ex.c ****   * @param  AnalogFilter New state of the Analog filter.
  95:mcu-bsp/peripherals/stm32l0xx/src/stm32l0xx_hal_i2c_ex.c ****   * @retval HAL status
  96:mcu-bsp/peripherals/stm32l0xx/src/stm32l0xx_hal_i2c_ex.c ****   */
  97:mcu-bsp/peripherals/stm32l0xx/src/stm32l0xx_hal_i2c_ex.c **** HAL_StatusTypeDef HAL_I2CEx_ConfigAnalogFilter(I2C_HandleTypeDef *hi2c, uint32_t AnalogFilter)
  98:mcu-bsp/peripherals/stm32l0xx/src/stm32l0xx_hal_i2c_ex.c **** {
  28              		.loc 1 98 1 view -0
  29              		.cfi_startproc
  30              		@ args = 0, pretend = 0, frame = 0
  31              		@ frame_needed = 0, uses_anonymous_args = 0
  32              		.loc 1 98 1 is_stmt 0 view .LVU1
  33 0000 F0B5     		push	{r4, r5, r6, r7, lr}
  34              	.LCFI0:
  35              		.cfi_def_cfa_offset 20
  36              		.cfi_offset 4, -20
  37              		.cfi_offset 5, -16
  38              		.cfi_offset 6, -12
  39              		.cfi_offset 7, -8
  40              		.cfi_offset 14, -4
  99:mcu-bsp/peripherals/stm32l0xx/src/stm32l0xx_hal_i2c_ex.c ****   /* Check the parameters */
 100:mcu-bsp/peripherals/stm32l0xx/src/stm32l0xx_hal_i2c_ex.c ****   assert_param(IS_I2C_ALL_INSTANCE(hi2c->Instance));
  41              		.loc 1 100 3 is_stmt 1 view .LVU2
 101:mcu-bsp/peripherals/stm32l0xx/src/stm32l0xx_hal_i2c_ex.c ****   assert_param(IS_I2C_ANALOG_FILTER(AnalogFilter));
  42              		.loc 1 101 3 view .LVU3
 102:mcu-bsp/peripherals/stm32l0xx/src/stm32l0xx_hal_i2c_ex.c **** 
 103:mcu-bsp/peripherals/stm32l0xx/src/stm32l0xx_hal_i2c_ex.c ****   if (hi2c->State == HAL_I2C_STATE_READY)
  43              		.loc 1 103 3 view .LVU4
  44              		.loc 1 103 11 is_stmt 0 view .LVU5
  45 0002 4123     		movs	r3, #65
  46 0004 C35C     		ldrb	r3, [r0, r3]
  47              		.loc 1 103 6 view .LVU6
  48 0006 202B     		cmp	r3, #32
  49 0008 20D1     		bne	.L3
 104:mcu-bsp/peripherals/stm32l0xx/src/stm32l0xx_hal_i2c_ex.c ****   {
 105:mcu-bsp/peripherals/stm32l0xx/src/stm32l0xx_hal_i2c_ex.c ****     /* Process Locked */
 106:mcu-bsp/peripherals/stm32l0xx/src/stm32l0xx_hal_i2c_ex.c ****     __HAL_LOCK(hi2c);
  50              		.loc 1 106 5 is_stmt 1 view .LVU7
  51              		.loc 1 106 5 view .LVU8
  52 000a 2033     		adds	r3, r3, #32
  53 000c C35C     		ldrb	r3, [r0, r3]
  54 000e 012B     		cmp	r3, #1
  55 0010 1ED0     		beq	.L4
  56              		.loc 1 106 5 discriminator 2 view .LVU9
  57 0012 4024     		movs	r4, #64
  58 0014 0122     		movs	r2, #1
  59 0016 0255     		strb	r2, [r0, r4]
  60              		.loc 1 106 5 discriminator 2 view .LVU10
 107:mcu-bsp/peripherals/stm32l0xx/src/stm32l0xx_hal_i2c_ex.c **** 
 108:mcu-bsp/peripherals/stm32l0xx/src/stm32l0xx_hal_i2c_ex.c ****     hi2c->State = HAL_I2C_STATE_BUSY;
  61              		.loc 1 108 5 discriminator 2 view .LVU11
  62              		.loc 1 108 17 is_stmt 0 discriminator 2 view .LVU12
  63 0018 4125     		movs	r5, #65
  64 001a 2423     		movs	r3, #36
ARM GAS  C:\Users\vic_user\AppData\Local\Temp\ccNCGbVD.s 			page 4


  65 001c 4355     		strb	r3, [r0, r5]
 109:mcu-bsp/peripherals/stm32l0xx/src/stm32l0xx_hal_i2c_ex.c **** 
 110:mcu-bsp/peripherals/stm32l0xx/src/stm32l0xx_hal_i2c_ex.c ****     /* Disable the selected I2C peripheral */
 111:mcu-bsp/peripherals/stm32l0xx/src/stm32l0xx_hal_i2c_ex.c ****     __HAL_I2C_DISABLE(hi2c);
  66              		.loc 1 111 5 is_stmt 1 discriminator 2 view .LVU13
  67 001e 0668     		ldr	r6, [r0]
  68 0020 3368     		ldr	r3, [r6]
  69 0022 9343     		bics	r3, r2
  70 0024 3360     		str	r3, [r6]
 112:mcu-bsp/peripherals/stm32l0xx/src/stm32l0xx_hal_i2c_ex.c **** 
 113:mcu-bsp/peripherals/stm32l0xx/src/stm32l0xx_hal_i2c_ex.c ****     /* Reset I2Cx ANOFF bit */
 114:mcu-bsp/peripherals/stm32l0xx/src/stm32l0xx_hal_i2c_ex.c ****     hi2c->Instance->CR1 &= ~(I2C_CR1_ANFOFF);
  71              		.loc 1 114 5 discriminator 2 view .LVU14
  72              		.loc 1 114 9 is_stmt 0 discriminator 2 view .LVU15
  73 0026 0668     		ldr	r6, [r0]
  74              		.loc 1 114 25 discriminator 2 view .LVU16
  75 0028 3368     		ldr	r3, [r6]
  76 002a 0A4F     		ldr	r7, .L5
  77 002c 3B40     		ands	r3, r7
  78 002e 3360     		str	r3, [r6]
 115:mcu-bsp/peripherals/stm32l0xx/src/stm32l0xx_hal_i2c_ex.c **** 
 116:mcu-bsp/peripherals/stm32l0xx/src/stm32l0xx_hal_i2c_ex.c ****     /* Set analog filter bit*/
 117:mcu-bsp/peripherals/stm32l0xx/src/stm32l0xx_hal_i2c_ex.c ****     hi2c->Instance->CR1 |= AnalogFilter;
  79              		.loc 1 117 5 is_stmt 1 discriminator 2 view .LVU17
  80              		.loc 1 117 9 is_stmt 0 discriminator 2 view .LVU18
  81 0030 0668     		ldr	r6, [r0]
  82              		.loc 1 117 25 discriminator 2 view .LVU19
  83 0032 3368     		ldr	r3, [r6]
  84 0034 1943     		orrs	r1, r3
  85              	.LVL1:
  86              		.loc 1 117 25 discriminator 2 view .LVU20
  87 0036 3160     		str	r1, [r6]
 118:mcu-bsp/peripherals/stm32l0xx/src/stm32l0xx_hal_i2c_ex.c **** 
 119:mcu-bsp/peripherals/stm32l0xx/src/stm32l0xx_hal_i2c_ex.c ****     __HAL_I2C_ENABLE(hi2c);
  88              		.loc 1 119 5 is_stmt 1 discriminator 2 view .LVU21
  89 0038 0168     		ldr	r1, [r0]
  90 003a 0B68     		ldr	r3, [r1]
  91 003c 1343     		orrs	r3, r2
  92 003e 0B60     		str	r3, [r1]
 120:mcu-bsp/peripherals/stm32l0xx/src/stm32l0xx_hal_i2c_ex.c **** 
 121:mcu-bsp/peripherals/stm32l0xx/src/stm32l0xx_hal_i2c_ex.c ****     hi2c->State = HAL_I2C_STATE_READY;
  93              		.loc 1 121 5 discriminator 2 view .LVU22
  94              		.loc 1 121 17 is_stmt 0 discriminator 2 view .LVU23
  95 0040 2023     		movs	r3, #32
  96 0042 4355     		strb	r3, [r0, r5]
 122:mcu-bsp/peripherals/stm32l0xx/src/stm32l0xx_hal_i2c_ex.c **** 
 123:mcu-bsp/peripherals/stm32l0xx/src/stm32l0xx_hal_i2c_ex.c ****     /* Process Unlocked */
 124:mcu-bsp/peripherals/stm32l0xx/src/stm32l0xx_hal_i2c_ex.c ****     __HAL_UNLOCK(hi2c);
  97              		.loc 1 124 5 is_stmt 1 discriminator 2 view .LVU24
  98              		.loc 1 124 5 discriminator 2 view .LVU25
  99 0044 0023     		movs	r3, #0
 100 0046 0355     		strb	r3, [r0, r4]
 101              		.loc 1 124 5 discriminator 2 view .LVU26
 125:mcu-bsp/peripherals/stm32l0xx/src/stm32l0xx_hal_i2c_ex.c **** 
 126:mcu-bsp/peripherals/stm32l0xx/src/stm32l0xx_hal_i2c_ex.c ****     return HAL_OK;
 102              		.loc 1 126 5 discriminator 2 view .LVU27
 103              		.loc 1 126 12 is_stmt 0 discriminator 2 view .LVU28
ARM GAS  C:\Users\vic_user\AppData\Local\Temp\ccNCGbVD.s 			page 5


 104 0048 0020     		movs	r0, #0
 105              	.LVL2:
 106              	.L2:
 127:mcu-bsp/peripherals/stm32l0xx/src/stm32l0xx_hal_i2c_ex.c ****   }
 128:mcu-bsp/peripherals/stm32l0xx/src/stm32l0xx_hal_i2c_ex.c ****   else
 129:mcu-bsp/peripherals/stm32l0xx/src/stm32l0xx_hal_i2c_ex.c ****   {
 130:mcu-bsp/peripherals/stm32l0xx/src/stm32l0xx_hal_i2c_ex.c ****     return HAL_BUSY;
 131:mcu-bsp/peripherals/stm32l0xx/src/stm32l0xx_hal_i2c_ex.c ****   }
 132:mcu-bsp/peripherals/stm32l0xx/src/stm32l0xx_hal_i2c_ex.c **** }
 107              		.loc 1 132 1 view .LVU29
 108              		@ sp needed
 109 004a F0BD     		pop	{r4, r5, r6, r7, pc}
 110              	.LVL3:
 111              	.L3:
 130:mcu-bsp/peripherals/stm32l0xx/src/stm32l0xx_hal_i2c_ex.c ****   }
 112              		.loc 1 130 12 view .LVU30
 113 004c 0220     		movs	r0, #2
 114              	.LVL4:
 130:mcu-bsp/peripherals/stm32l0xx/src/stm32l0xx_hal_i2c_ex.c ****   }
 115              		.loc 1 130 12 view .LVU31
 116 004e FCE7     		b	.L2
 117              	.LVL5:
 118              	.L4:
 106:mcu-bsp/peripherals/stm32l0xx/src/stm32l0xx_hal_i2c_ex.c **** 
 119              		.loc 1 106 5 view .LVU32
 120 0050 0220     		movs	r0, #2
 121              	.LVL6:
 106:mcu-bsp/peripherals/stm32l0xx/src/stm32l0xx_hal_i2c_ex.c **** 
 122              		.loc 1 106 5 view .LVU33
 123 0052 FAE7     		b	.L2
 124              	.L6:
 125              		.align	2
 126              	.L5:
 127 0054 FFEFFFFF 		.word	-4097
 128              		.cfi_endproc
 129              	.LFE42:
 131              		.section	.text.HAL_I2CEx_ConfigDigitalFilter,"ax",%progbits
 132              		.align	1
 133              		.global	HAL_I2CEx_ConfigDigitalFilter
 134              		.syntax unified
 135              		.code	16
 136              		.thumb_func
 137              		.fpu softvfp
 139              	HAL_I2CEx_ConfigDigitalFilter:
 140              	.LVL7:
 141              	.LFB43:
 133:mcu-bsp/peripherals/stm32l0xx/src/stm32l0xx_hal_i2c_ex.c **** 
 134:mcu-bsp/peripherals/stm32l0xx/src/stm32l0xx_hal_i2c_ex.c **** /**
 135:mcu-bsp/peripherals/stm32l0xx/src/stm32l0xx_hal_i2c_ex.c ****   * @brief  Configure I2C Digital noise filter.
 136:mcu-bsp/peripherals/stm32l0xx/src/stm32l0xx_hal_i2c_ex.c ****   * @param  hi2c Pointer to a I2C_HandleTypeDef structure that contains
 137:mcu-bsp/peripherals/stm32l0xx/src/stm32l0xx_hal_i2c_ex.c ****   *                the configuration information for the specified I2Cx peripheral.
 138:mcu-bsp/peripherals/stm32l0xx/src/stm32l0xx_hal_i2c_ex.c ****   * @param  DigitalFilter Coefficient of digital noise filter between Min_Data=0x00 and Max_Data=0x
 139:mcu-bsp/peripherals/stm32l0xx/src/stm32l0xx_hal_i2c_ex.c ****   * @retval HAL status
 140:mcu-bsp/peripherals/stm32l0xx/src/stm32l0xx_hal_i2c_ex.c ****   */
 141:mcu-bsp/peripherals/stm32l0xx/src/stm32l0xx_hal_i2c_ex.c **** HAL_StatusTypeDef HAL_I2CEx_ConfigDigitalFilter(I2C_HandleTypeDef *hi2c, uint32_t DigitalFilter)
 142:mcu-bsp/peripherals/stm32l0xx/src/stm32l0xx_hal_i2c_ex.c **** {
 142              		.loc 1 142 1 is_stmt 1 view -0
ARM GAS  C:\Users\vic_user\AppData\Local\Temp\ccNCGbVD.s 			page 6


 143              		.cfi_startproc
 144              		@ args = 0, pretend = 0, frame = 0
 145              		@ frame_needed = 0, uses_anonymous_args = 0
 146              		.loc 1 142 1 is_stmt 0 view .LVU35
 147 0000 F0B5     		push	{r4, r5, r6, r7, lr}
 148              	.LCFI1:
 149              		.cfi_def_cfa_offset 20
 150              		.cfi_offset 4, -20
 151              		.cfi_offset 5, -16
 152              		.cfi_offset 6, -12
 153              		.cfi_offset 7, -8
 154              		.cfi_offset 14, -4
 143:mcu-bsp/peripherals/stm32l0xx/src/stm32l0xx_hal_i2c_ex.c ****   uint32_t tmpreg;
 155              		.loc 1 143 3 is_stmt 1 view .LVU36
 144:mcu-bsp/peripherals/stm32l0xx/src/stm32l0xx_hal_i2c_ex.c **** 
 145:mcu-bsp/peripherals/stm32l0xx/src/stm32l0xx_hal_i2c_ex.c ****   /* Check the parameters */
 146:mcu-bsp/peripherals/stm32l0xx/src/stm32l0xx_hal_i2c_ex.c ****   assert_param(IS_I2C_ALL_INSTANCE(hi2c->Instance));
 156              		.loc 1 146 3 view .LVU37
 147:mcu-bsp/peripherals/stm32l0xx/src/stm32l0xx_hal_i2c_ex.c ****   assert_param(IS_I2C_DIGITAL_FILTER(DigitalFilter));
 157              		.loc 1 147 3 view .LVU38
 148:mcu-bsp/peripherals/stm32l0xx/src/stm32l0xx_hal_i2c_ex.c **** 
 149:mcu-bsp/peripherals/stm32l0xx/src/stm32l0xx_hal_i2c_ex.c ****   if (hi2c->State == HAL_I2C_STATE_READY)
 158              		.loc 1 149 3 view .LVU39
 159              		.loc 1 149 11 is_stmt 0 view .LVU40
 160 0002 4123     		movs	r3, #65
 161 0004 C35C     		ldrb	r3, [r0, r3]
 162              		.loc 1 149 6 view .LVU41
 163 0006 202B     		cmp	r3, #32
 164 0008 1ED1     		bne	.L9
 150:mcu-bsp/peripherals/stm32l0xx/src/stm32l0xx_hal_i2c_ex.c ****   {
 151:mcu-bsp/peripherals/stm32l0xx/src/stm32l0xx_hal_i2c_ex.c ****     /* Process Locked */
 152:mcu-bsp/peripherals/stm32l0xx/src/stm32l0xx_hal_i2c_ex.c ****     __HAL_LOCK(hi2c);
 165              		.loc 1 152 5 is_stmt 1 view .LVU42
 166              		.loc 1 152 5 view .LVU43
 167 000a 2033     		adds	r3, r3, #32
 168 000c C35C     		ldrb	r3, [r0, r3]
 169 000e 012B     		cmp	r3, #1
 170 0010 1CD0     		beq	.L10
 171              		.loc 1 152 5 discriminator 2 view .LVU44
 172 0012 4024     		movs	r4, #64
 173 0014 0122     		movs	r2, #1
 174 0016 0255     		strb	r2, [r0, r4]
 175              		.loc 1 152 5 discriminator 2 view .LVU45
 153:mcu-bsp/peripherals/stm32l0xx/src/stm32l0xx_hal_i2c_ex.c **** 
 154:mcu-bsp/peripherals/stm32l0xx/src/stm32l0xx_hal_i2c_ex.c ****     hi2c->State = HAL_I2C_STATE_BUSY;
 176              		.loc 1 154 5 discriminator 2 view .LVU46
 177              		.loc 1 154 17 is_stmt 0 discriminator 2 view .LVU47
 178 0018 4125     		movs	r5, #65
 179 001a 2423     		movs	r3, #36
 180 001c 4355     		strb	r3, [r0, r5]
 155:mcu-bsp/peripherals/stm32l0xx/src/stm32l0xx_hal_i2c_ex.c **** 
 156:mcu-bsp/peripherals/stm32l0xx/src/stm32l0xx_hal_i2c_ex.c ****     /* Disable the selected I2C peripheral */
 157:mcu-bsp/peripherals/stm32l0xx/src/stm32l0xx_hal_i2c_ex.c ****     __HAL_I2C_DISABLE(hi2c);
 181              		.loc 1 157 5 is_stmt 1 discriminator 2 view .LVU48
 182 001e 0668     		ldr	r6, [r0]
 183 0020 3368     		ldr	r3, [r6]
 184 0022 9343     		bics	r3, r2
ARM GAS  C:\Users\vic_user\AppData\Local\Temp\ccNCGbVD.s 			page 7


 185 0024 3360     		str	r3, [r6]
 158:mcu-bsp/peripherals/stm32l0xx/src/stm32l0xx_hal_i2c_ex.c **** 
 159:mcu-bsp/peripherals/stm32l0xx/src/stm32l0xx_hal_i2c_ex.c ****     /* Get the old register value */
 160:mcu-bsp/peripherals/stm32l0xx/src/stm32l0xx_hal_i2c_ex.c ****     tmpreg = hi2c->Instance->CR1;
 186              		.loc 1 160 5 discriminator 2 view .LVU49
 187              		.loc 1 160 18 is_stmt 0 discriminator 2 view .LVU50
 188 0026 0668     		ldr	r6, [r0]
 189              		.loc 1 160 12 discriminator 2 view .LVU51
 190 0028 3368     		ldr	r3, [r6]
 191              	.LVL8:
 161:mcu-bsp/peripherals/stm32l0xx/src/stm32l0xx_hal_i2c_ex.c **** 
 162:mcu-bsp/peripherals/stm32l0xx/src/stm32l0xx_hal_i2c_ex.c ****     /* Reset I2Cx DNF bits [11:8] */
 163:mcu-bsp/peripherals/stm32l0xx/src/stm32l0xx_hal_i2c_ex.c ****     tmpreg &= ~(I2C_CR1_DNF);
 192              		.loc 1 163 5 is_stmt 1 discriminator 2 view .LVU52
 193              		.loc 1 163 12 is_stmt 0 discriminator 2 view .LVU53
 194 002a 094F     		ldr	r7, .L11
 195 002c 3B40     		ands	r3, r7
 196              	.LVL9:
 164:mcu-bsp/peripherals/stm32l0xx/src/stm32l0xx_hal_i2c_ex.c **** 
 165:mcu-bsp/peripherals/stm32l0xx/src/stm32l0xx_hal_i2c_ex.c ****     /* Set I2Cx DNF coefficient */
 166:mcu-bsp/peripherals/stm32l0xx/src/stm32l0xx_hal_i2c_ex.c ****     tmpreg |= DigitalFilter << 8U;
 197              		.loc 1 166 5 is_stmt 1 discriminator 2 view .LVU54
 198              		.loc 1 166 29 is_stmt 0 discriminator 2 view .LVU55
 199 002e 0902     		lsls	r1, r1, #8
 200              	.LVL10:
 201              		.loc 1 166 12 discriminator 2 view .LVU56
 202 0030 1943     		orrs	r1, r3
 203              	.LVL11:
 167:mcu-bsp/peripherals/stm32l0xx/src/stm32l0xx_hal_i2c_ex.c **** 
 168:mcu-bsp/peripherals/stm32l0xx/src/stm32l0xx_hal_i2c_ex.c ****     /* Store the new register value */
 169:mcu-bsp/peripherals/stm32l0xx/src/stm32l0xx_hal_i2c_ex.c ****     hi2c->Instance->CR1 = tmpreg;
 204              		.loc 1 169 5 is_stmt 1 discriminator 2 view .LVU57
 205              		.loc 1 169 25 is_stmt 0 discriminator 2 view .LVU58
 206 0032 3160     		str	r1, [r6]
 170:mcu-bsp/peripherals/stm32l0xx/src/stm32l0xx_hal_i2c_ex.c **** 
 171:mcu-bsp/peripherals/stm32l0xx/src/stm32l0xx_hal_i2c_ex.c ****     __HAL_I2C_ENABLE(hi2c);
 207              		.loc 1 171 5 is_stmt 1 discriminator 2 view .LVU59
 208 0034 0168     		ldr	r1, [r0]
 209              	.LVL12:
 210              		.loc 1 171 5 is_stmt 0 discriminator 2 view .LVU60
 211 0036 0B68     		ldr	r3, [r1]
 212 0038 1343     		orrs	r3, r2
 213 003a 0B60     		str	r3, [r1]
 214              	.LVL13:
 172:mcu-bsp/peripherals/stm32l0xx/src/stm32l0xx_hal_i2c_ex.c **** 
 173:mcu-bsp/peripherals/stm32l0xx/src/stm32l0xx_hal_i2c_ex.c ****     hi2c->State = HAL_I2C_STATE_READY;
 215              		.loc 1 173 5 is_stmt 1 discriminator 2 view .LVU61
 216              		.loc 1 173 17 is_stmt 0 discriminator 2 view .LVU62
 217 003c 2023     		movs	r3, #32
 218 003e 4355     		strb	r3, [r0, r5]
 174:mcu-bsp/peripherals/stm32l0xx/src/stm32l0xx_hal_i2c_ex.c **** 
 175:mcu-bsp/peripherals/stm32l0xx/src/stm32l0xx_hal_i2c_ex.c ****     /* Process Unlocked */
 176:mcu-bsp/peripherals/stm32l0xx/src/stm32l0xx_hal_i2c_ex.c ****     __HAL_UNLOCK(hi2c);
 219              		.loc 1 176 5 is_stmt 1 discriminator 2 view .LVU63
 220              		.loc 1 176 5 discriminator 2 view .LVU64
 221 0040 0023     		movs	r3, #0
 222 0042 0355     		strb	r3, [r0, r4]
ARM GAS  C:\Users\vic_user\AppData\Local\Temp\ccNCGbVD.s 			page 8


 223              		.loc 1 176 5 discriminator 2 view .LVU65
 177:mcu-bsp/peripherals/stm32l0xx/src/stm32l0xx_hal_i2c_ex.c **** 
 178:mcu-bsp/peripherals/stm32l0xx/src/stm32l0xx_hal_i2c_ex.c ****     return HAL_OK;
 224              		.loc 1 178 5 discriminator 2 view .LVU66
 225              		.loc 1 178 12 is_stmt 0 discriminator 2 view .LVU67
 226 0044 0020     		movs	r0, #0
 227              	.LVL14:
 228              	.L8:
 179:mcu-bsp/peripherals/stm32l0xx/src/stm32l0xx_hal_i2c_ex.c ****   }
 180:mcu-bsp/peripherals/stm32l0xx/src/stm32l0xx_hal_i2c_ex.c ****   else
 181:mcu-bsp/peripherals/stm32l0xx/src/stm32l0xx_hal_i2c_ex.c ****   {
 182:mcu-bsp/peripherals/stm32l0xx/src/stm32l0xx_hal_i2c_ex.c ****     return HAL_BUSY;
 183:mcu-bsp/peripherals/stm32l0xx/src/stm32l0xx_hal_i2c_ex.c ****   }
 184:mcu-bsp/peripherals/stm32l0xx/src/stm32l0xx_hal_i2c_ex.c **** }
 229              		.loc 1 184 1 view .LVU68
 230              		@ sp needed
 231 0046 F0BD     		pop	{r4, r5, r6, r7, pc}
 232              	.LVL15:
 233              	.L9:
 182:mcu-bsp/peripherals/stm32l0xx/src/stm32l0xx_hal_i2c_ex.c ****   }
 234              		.loc 1 182 12 view .LVU69
 235 0048 0220     		movs	r0, #2
 236              	.LVL16:
 182:mcu-bsp/peripherals/stm32l0xx/src/stm32l0xx_hal_i2c_ex.c ****   }
 237              		.loc 1 182 12 view .LVU70
 238 004a FCE7     		b	.L8
 239              	.LVL17:
 240              	.L10:
 152:mcu-bsp/peripherals/stm32l0xx/src/stm32l0xx_hal_i2c_ex.c **** 
 241              		.loc 1 152 5 view .LVU71
 242 004c 0220     		movs	r0, #2
 243              	.LVL18:
 152:mcu-bsp/peripherals/stm32l0xx/src/stm32l0xx_hal_i2c_ex.c **** 
 244              		.loc 1 152 5 view .LVU72
 245 004e FAE7     		b	.L8
 246              	.L12:
 247              		.align	2
 248              	.L11:
 249 0050 FFF0FFFF 		.word	-3841
 250              		.cfi_endproc
 251              	.LFE43:
 253              		.section	.text.HAL_I2CEx_EnableWakeUp,"ax",%progbits
 254              		.align	1
 255              		.global	HAL_I2CEx_EnableWakeUp
 256              		.syntax unified
 257              		.code	16
 258              		.thumb_func
 259              		.fpu softvfp
 261              	HAL_I2CEx_EnableWakeUp:
 262              	.LVL19:
 263              	.LFB44:
 185:mcu-bsp/peripherals/stm32l0xx/src/stm32l0xx_hal_i2c_ex.c **** /**
 186:mcu-bsp/peripherals/stm32l0xx/src/stm32l0xx_hal_i2c_ex.c ****   * @}
 187:mcu-bsp/peripherals/stm32l0xx/src/stm32l0xx_hal_i2c_ex.c ****   */
 188:mcu-bsp/peripherals/stm32l0xx/src/stm32l0xx_hal_i2c_ex.c **** 
 189:mcu-bsp/peripherals/stm32l0xx/src/stm32l0xx_hal_i2c_ex.c **** /** @defgroup I2CEx_Exported_Functions_Group2 WakeUp Mode Functions
 190:mcu-bsp/peripherals/stm32l0xx/src/stm32l0xx_hal_i2c_ex.c ****   * @brief    WakeUp Mode Functions
ARM GAS  C:\Users\vic_user\AppData\Local\Temp\ccNCGbVD.s 			page 9


 191:mcu-bsp/peripherals/stm32l0xx/src/stm32l0xx_hal_i2c_ex.c ****   *
 192:mcu-bsp/peripherals/stm32l0xx/src/stm32l0xx_hal_i2c_ex.c **** @verbatim
 193:mcu-bsp/peripherals/stm32l0xx/src/stm32l0xx_hal_i2c_ex.c ****  ===============================================================================
 194:mcu-bsp/peripherals/stm32l0xx/src/stm32l0xx_hal_i2c_ex.c ****                       ##### WakeUp Mode Functions #####
 195:mcu-bsp/peripherals/stm32l0xx/src/stm32l0xx_hal_i2c_ex.c ****  ===============================================================================
 196:mcu-bsp/peripherals/stm32l0xx/src/stm32l0xx_hal_i2c_ex.c ****     [..] This section provides functions allowing to:
 197:mcu-bsp/peripherals/stm32l0xx/src/stm32l0xx_hal_i2c_ex.c ****       (+) Configure Wake Up Feature
 198:mcu-bsp/peripherals/stm32l0xx/src/stm32l0xx_hal_i2c_ex.c **** 
 199:mcu-bsp/peripherals/stm32l0xx/src/stm32l0xx_hal_i2c_ex.c **** @endverbatim
 200:mcu-bsp/peripherals/stm32l0xx/src/stm32l0xx_hal_i2c_ex.c ****   * @{
 201:mcu-bsp/peripherals/stm32l0xx/src/stm32l0xx_hal_i2c_ex.c ****   */
 202:mcu-bsp/peripherals/stm32l0xx/src/stm32l0xx_hal_i2c_ex.c **** 
 203:mcu-bsp/peripherals/stm32l0xx/src/stm32l0xx_hal_i2c_ex.c **** /**
 204:mcu-bsp/peripherals/stm32l0xx/src/stm32l0xx_hal_i2c_ex.c ****   * @brief  Enable I2C wakeup from Stop mode(s).
 205:mcu-bsp/peripherals/stm32l0xx/src/stm32l0xx_hal_i2c_ex.c ****   * @param  hi2c Pointer to a I2C_HandleTypeDef structure that contains
 206:mcu-bsp/peripherals/stm32l0xx/src/stm32l0xx_hal_i2c_ex.c ****   *                the configuration information for the specified I2Cx peripheral.
 207:mcu-bsp/peripherals/stm32l0xx/src/stm32l0xx_hal_i2c_ex.c ****   * @retval HAL status
 208:mcu-bsp/peripherals/stm32l0xx/src/stm32l0xx_hal_i2c_ex.c ****   */
 209:mcu-bsp/peripherals/stm32l0xx/src/stm32l0xx_hal_i2c_ex.c **** HAL_StatusTypeDef HAL_I2CEx_EnableWakeUp(I2C_HandleTypeDef *hi2c)
 210:mcu-bsp/peripherals/stm32l0xx/src/stm32l0xx_hal_i2c_ex.c **** {
 264              		.loc 1 210 1 is_stmt 1 view -0
 265              		.cfi_startproc
 266              		@ args = 0, pretend = 0, frame = 0
 267              		@ frame_needed = 0, uses_anonymous_args = 0
 268              		.loc 1 210 1 is_stmt 0 view .LVU74
 269 0000 70B5     		push	{r4, r5, r6, lr}
 270              	.LCFI2:
 271              		.cfi_def_cfa_offset 16
 272              		.cfi_offset 4, -16
 273              		.cfi_offset 5, -12
 274              		.cfi_offset 6, -8
 275              		.cfi_offset 14, -4
 211:mcu-bsp/peripherals/stm32l0xx/src/stm32l0xx_hal_i2c_ex.c ****   /* Check the parameters */
 212:mcu-bsp/peripherals/stm32l0xx/src/stm32l0xx_hal_i2c_ex.c ****   assert_param(IS_I2C_WAKEUP_FROMSTOP_INSTANCE(hi2c->Instance));
 276              		.loc 1 212 3 is_stmt 1 view .LVU75
 213:mcu-bsp/peripherals/stm32l0xx/src/stm32l0xx_hal_i2c_ex.c **** 
 214:mcu-bsp/peripherals/stm32l0xx/src/stm32l0xx_hal_i2c_ex.c ****   if (hi2c->State == HAL_I2C_STATE_READY)
 277              		.loc 1 214 3 view .LVU76
 278              		.loc 1 214 11 is_stmt 0 view .LVU77
 279 0002 4123     		movs	r3, #65
 280 0004 C35C     		ldrb	r3, [r0, r3]
 281              		.loc 1 214 6 view .LVU78
 282 0006 202B     		cmp	r3, #32
 283 0008 1DD1     		bne	.L15
 215:mcu-bsp/peripherals/stm32l0xx/src/stm32l0xx_hal_i2c_ex.c ****   {
 216:mcu-bsp/peripherals/stm32l0xx/src/stm32l0xx_hal_i2c_ex.c ****     /* Process Locked */
 217:mcu-bsp/peripherals/stm32l0xx/src/stm32l0xx_hal_i2c_ex.c ****     __HAL_LOCK(hi2c);
 284              		.loc 1 217 5 is_stmt 1 view .LVU79
 285              		.loc 1 217 5 view .LVU80
 286 000a 2033     		adds	r3, r3, #32
 287 000c C35C     		ldrb	r3, [r0, r3]
 288 000e 012B     		cmp	r3, #1
 289 0010 1BD0     		beq	.L16
 290              		.loc 1 217 5 discriminator 2 view .LVU81
 291 0012 4021     		movs	r1, #64
 292 0014 0122     		movs	r2, #1
 293 0016 4254     		strb	r2, [r0, r1]
ARM GAS  C:\Users\vic_user\AppData\Local\Temp\ccNCGbVD.s 			page 10


 294              		.loc 1 217 5 discriminator 2 view .LVU82
 218:mcu-bsp/peripherals/stm32l0xx/src/stm32l0xx_hal_i2c_ex.c **** 
 219:mcu-bsp/peripherals/stm32l0xx/src/stm32l0xx_hal_i2c_ex.c ****     hi2c->State = HAL_I2C_STATE_BUSY;
 295              		.loc 1 219 5 discriminator 2 view .LVU83
 296              		.loc 1 219 17 is_stmt 0 discriminator 2 view .LVU84
 297 0018 4124     		movs	r4, #65
 298 001a 2423     		movs	r3, #36
 299 001c 0355     		strb	r3, [r0, r4]
 220:mcu-bsp/peripherals/stm32l0xx/src/stm32l0xx_hal_i2c_ex.c **** 
 221:mcu-bsp/peripherals/stm32l0xx/src/stm32l0xx_hal_i2c_ex.c ****     /* Disable the selected I2C peripheral */
 222:mcu-bsp/peripherals/stm32l0xx/src/stm32l0xx_hal_i2c_ex.c ****     __HAL_I2C_DISABLE(hi2c);
 300              		.loc 1 222 5 is_stmt 1 discriminator 2 view .LVU85
 301 001e 0568     		ldr	r5, [r0]
 302 0020 2B68     		ldr	r3, [r5]
 303 0022 9343     		bics	r3, r2
 304 0024 2B60     		str	r3, [r5]
 223:mcu-bsp/peripherals/stm32l0xx/src/stm32l0xx_hal_i2c_ex.c **** 
 224:mcu-bsp/peripherals/stm32l0xx/src/stm32l0xx_hal_i2c_ex.c ****     /* Enable wakeup from stop mode */
 225:mcu-bsp/peripherals/stm32l0xx/src/stm32l0xx_hal_i2c_ex.c ****     hi2c->Instance->CR1 |= I2C_CR1_WUPEN;
 305              		.loc 1 225 5 discriminator 2 view .LVU86
 306              		.loc 1 225 9 is_stmt 0 discriminator 2 view .LVU87
 307 0026 0568     		ldr	r5, [r0]
 308              		.loc 1 225 25 discriminator 2 view .LVU88
 309 0028 2E68     		ldr	r6, [r5]
 310 002a 8023     		movs	r3, #128
 311 002c DB02     		lsls	r3, r3, #11
 312 002e 3343     		orrs	r3, r6
 313 0030 2B60     		str	r3, [r5]
 226:mcu-bsp/peripherals/stm32l0xx/src/stm32l0xx_hal_i2c_ex.c **** 
 227:mcu-bsp/peripherals/stm32l0xx/src/stm32l0xx_hal_i2c_ex.c ****     __HAL_I2C_ENABLE(hi2c);
 314              		.loc 1 227 5 is_stmt 1 discriminator 2 view .LVU89
 315 0032 0568     		ldr	r5, [r0]
 316 0034 2B68     		ldr	r3, [r5]
 317 0036 1343     		orrs	r3, r2
 318 0038 2B60     		str	r3, [r5]
 228:mcu-bsp/peripherals/stm32l0xx/src/stm32l0xx_hal_i2c_ex.c **** 
 229:mcu-bsp/peripherals/stm32l0xx/src/stm32l0xx_hal_i2c_ex.c ****     hi2c->State = HAL_I2C_STATE_READY;
 319              		.loc 1 229 5 discriminator 2 view .LVU90
 320              		.loc 1 229 17 is_stmt 0 discriminator 2 view .LVU91
 321 003a 2023     		movs	r3, #32
 322 003c 0355     		strb	r3, [r0, r4]
 230:mcu-bsp/peripherals/stm32l0xx/src/stm32l0xx_hal_i2c_ex.c **** 
 231:mcu-bsp/peripherals/stm32l0xx/src/stm32l0xx_hal_i2c_ex.c ****     /* Process Unlocked */
 232:mcu-bsp/peripherals/stm32l0xx/src/stm32l0xx_hal_i2c_ex.c ****     __HAL_UNLOCK(hi2c);
 323              		.loc 1 232 5 is_stmt 1 discriminator 2 view .LVU92
 324              		.loc 1 232 5 discriminator 2 view .LVU93
 325 003e 0023     		movs	r3, #0
 326 0040 4354     		strb	r3, [r0, r1]
 327              		.loc 1 232 5 discriminator 2 view .LVU94
 233:mcu-bsp/peripherals/stm32l0xx/src/stm32l0xx_hal_i2c_ex.c **** 
 234:mcu-bsp/peripherals/stm32l0xx/src/stm32l0xx_hal_i2c_ex.c ****     return HAL_OK;
 328              		.loc 1 234 5 discriminator 2 view .LVU95
 329              		.loc 1 234 12 is_stmt 0 discriminator 2 view .LVU96
 330 0042 0020     		movs	r0, #0
 331              	.LVL20:
 332              	.L14:
 235:mcu-bsp/peripherals/stm32l0xx/src/stm32l0xx_hal_i2c_ex.c ****   }
ARM GAS  C:\Users\vic_user\AppData\Local\Temp\ccNCGbVD.s 			page 11


 236:mcu-bsp/peripherals/stm32l0xx/src/stm32l0xx_hal_i2c_ex.c ****   else
 237:mcu-bsp/peripherals/stm32l0xx/src/stm32l0xx_hal_i2c_ex.c ****   {
 238:mcu-bsp/peripherals/stm32l0xx/src/stm32l0xx_hal_i2c_ex.c ****     return HAL_BUSY;
 239:mcu-bsp/peripherals/stm32l0xx/src/stm32l0xx_hal_i2c_ex.c ****   }
 240:mcu-bsp/peripherals/stm32l0xx/src/stm32l0xx_hal_i2c_ex.c **** }
 333              		.loc 1 240 1 view .LVU97
 334              		@ sp needed
 335 0044 70BD     		pop	{r4, r5, r6, pc}
 336              	.LVL21:
 337              	.L15:
 238:mcu-bsp/peripherals/stm32l0xx/src/stm32l0xx_hal_i2c_ex.c ****   }
 338              		.loc 1 238 12 view .LVU98
 339 0046 0220     		movs	r0, #2
 340              	.LVL22:
 238:mcu-bsp/peripherals/stm32l0xx/src/stm32l0xx_hal_i2c_ex.c ****   }
 341              		.loc 1 238 12 view .LVU99
 342 0048 FCE7     		b	.L14
 343              	.LVL23:
 344              	.L16:
 217:mcu-bsp/peripherals/stm32l0xx/src/stm32l0xx_hal_i2c_ex.c **** 
 345              		.loc 1 217 5 view .LVU100
 346 004a 0220     		movs	r0, #2
 347              	.LVL24:
 217:mcu-bsp/peripherals/stm32l0xx/src/stm32l0xx_hal_i2c_ex.c **** 
 348              		.loc 1 217 5 view .LVU101
 349 004c FAE7     		b	.L14
 350              		.cfi_endproc
 351              	.LFE44:
 353              		.section	.text.HAL_I2CEx_DisableWakeUp,"ax",%progbits
 354              		.align	1
 355              		.global	HAL_I2CEx_DisableWakeUp
 356              		.syntax unified
 357              		.code	16
 358              		.thumb_func
 359              		.fpu softvfp
 361              	HAL_I2CEx_DisableWakeUp:
 362              	.LVL25:
 363              	.LFB45:
 241:mcu-bsp/peripherals/stm32l0xx/src/stm32l0xx_hal_i2c_ex.c **** 
 242:mcu-bsp/peripherals/stm32l0xx/src/stm32l0xx_hal_i2c_ex.c **** /**
 243:mcu-bsp/peripherals/stm32l0xx/src/stm32l0xx_hal_i2c_ex.c ****   * @brief  Disable I2C wakeup from Stop mode(s).
 244:mcu-bsp/peripherals/stm32l0xx/src/stm32l0xx_hal_i2c_ex.c ****   * @param  hi2c Pointer to a I2C_HandleTypeDef structure that contains
 245:mcu-bsp/peripherals/stm32l0xx/src/stm32l0xx_hal_i2c_ex.c ****   *                the configuration information for the specified I2Cx peripheral.
 246:mcu-bsp/peripherals/stm32l0xx/src/stm32l0xx_hal_i2c_ex.c ****   * @retval HAL status
 247:mcu-bsp/peripherals/stm32l0xx/src/stm32l0xx_hal_i2c_ex.c ****   */
 248:mcu-bsp/peripherals/stm32l0xx/src/stm32l0xx_hal_i2c_ex.c **** HAL_StatusTypeDef HAL_I2CEx_DisableWakeUp(I2C_HandleTypeDef *hi2c)
 249:mcu-bsp/peripherals/stm32l0xx/src/stm32l0xx_hal_i2c_ex.c **** {
 364              		.loc 1 249 1 is_stmt 1 view -0
 365              		.cfi_startproc
 366              		@ args = 0, pretend = 0, frame = 0
 367              		@ frame_needed = 0, uses_anonymous_args = 0
 368              		.loc 1 249 1 is_stmt 0 view .LVU103
 369 0000 70B5     		push	{r4, r5, r6, lr}
 370              	.LCFI3:
 371              		.cfi_def_cfa_offset 16
 372              		.cfi_offset 4, -16
 373              		.cfi_offset 5, -12
ARM GAS  C:\Users\vic_user\AppData\Local\Temp\ccNCGbVD.s 			page 12


 374              		.cfi_offset 6, -8
 375              		.cfi_offset 14, -4
 250:mcu-bsp/peripherals/stm32l0xx/src/stm32l0xx_hal_i2c_ex.c ****   /* Check the parameters */
 251:mcu-bsp/peripherals/stm32l0xx/src/stm32l0xx_hal_i2c_ex.c ****   assert_param(IS_I2C_WAKEUP_FROMSTOP_INSTANCE(hi2c->Instance));
 376              		.loc 1 251 3 is_stmt 1 view .LVU104
 252:mcu-bsp/peripherals/stm32l0xx/src/stm32l0xx_hal_i2c_ex.c **** 
 253:mcu-bsp/peripherals/stm32l0xx/src/stm32l0xx_hal_i2c_ex.c ****   if (hi2c->State == HAL_I2C_STATE_READY)
 377              		.loc 1 253 3 view .LVU105
 378              		.loc 1 253 11 is_stmt 0 view .LVU106
 379 0002 4123     		movs	r3, #65
 380 0004 C35C     		ldrb	r3, [r0, r3]
 381              		.loc 1 253 6 view .LVU107
 382 0006 202B     		cmp	r3, #32
 383 0008 1CD1     		bne	.L19
 254:mcu-bsp/peripherals/stm32l0xx/src/stm32l0xx_hal_i2c_ex.c ****   {
 255:mcu-bsp/peripherals/stm32l0xx/src/stm32l0xx_hal_i2c_ex.c ****     /* Process Locked */
 256:mcu-bsp/peripherals/stm32l0xx/src/stm32l0xx_hal_i2c_ex.c ****     __HAL_LOCK(hi2c);
 384              		.loc 1 256 5 is_stmt 1 view .LVU108
 385              		.loc 1 256 5 view .LVU109
 386 000a 2033     		adds	r3, r3, #32
 387 000c C35C     		ldrb	r3, [r0, r3]
 388 000e 012B     		cmp	r3, #1
 389 0010 1AD0     		beq	.L20
 390              		.loc 1 256 5 discriminator 2 view .LVU110
 391 0012 4021     		movs	r1, #64
 392 0014 0122     		movs	r2, #1
 393 0016 4254     		strb	r2, [r0, r1]
 394              		.loc 1 256 5 discriminator 2 view .LVU111
 257:mcu-bsp/peripherals/stm32l0xx/src/stm32l0xx_hal_i2c_ex.c **** 
 258:mcu-bsp/peripherals/stm32l0xx/src/stm32l0xx_hal_i2c_ex.c ****     hi2c->State = HAL_I2C_STATE_BUSY;
 395              		.loc 1 258 5 discriminator 2 view .LVU112
 396              		.loc 1 258 17 is_stmt 0 discriminator 2 view .LVU113
 397 0018 4124     		movs	r4, #65
 398 001a 2423     		movs	r3, #36
 399 001c 0355     		strb	r3, [r0, r4]
 259:mcu-bsp/peripherals/stm32l0xx/src/stm32l0xx_hal_i2c_ex.c **** 
 260:mcu-bsp/peripherals/stm32l0xx/src/stm32l0xx_hal_i2c_ex.c ****     /* Disable the selected I2C peripheral */
 261:mcu-bsp/peripherals/stm32l0xx/src/stm32l0xx_hal_i2c_ex.c ****     __HAL_I2C_DISABLE(hi2c);
 400              		.loc 1 261 5 is_stmt 1 discriminator 2 view .LVU114
 401 001e 0568     		ldr	r5, [r0]
 402 0020 2B68     		ldr	r3, [r5]
 403 0022 9343     		bics	r3, r2
 404 0024 2B60     		str	r3, [r5]
 262:mcu-bsp/peripherals/stm32l0xx/src/stm32l0xx_hal_i2c_ex.c **** 
 263:mcu-bsp/peripherals/stm32l0xx/src/stm32l0xx_hal_i2c_ex.c ****     /* Enable wakeup from stop mode */
 264:mcu-bsp/peripherals/stm32l0xx/src/stm32l0xx_hal_i2c_ex.c ****     hi2c->Instance->CR1 &= ~(I2C_CR1_WUPEN);
 405              		.loc 1 264 5 discriminator 2 view .LVU115
 406              		.loc 1 264 9 is_stmt 0 discriminator 2 view .LVU116
 407 0026 0568     		ldr	r5, [r0]
 408              		.loc 1 264 25 discriminator 2 view .LVU117
 409 0028 2B68     		ldr	r3, [r5]
 410 002a 084E     		ldr	r6, .L21
 411 002c 3340     		ands	r3, r6
 412 002e 2B60     		str	r3, [r5]
 265:mcu-bsp/peripherals/stm32l0xx/src/stm32l0xx_hal_i2c_ex.c **** 
 266:mcu-bsp/peripherals/stm32l0xx/src/stm32l0xx_hal_i2c_ex.c ****     __HAL_I2C_ENABLE(hi2c);
 413              		.loc 1 266 5 is_stmt 1 discriminator 2 view .LVU118
ARM GAS  C:\Users\vic_user\AppData\Local\Temp\ccNCGbVD.s 			page 13


 414 0030 0568     		ldr	r5, [r0]
 415 0032 2B68     		ldr	r3, [r5]
 416 0034 1343     		orrs	r3, r2
 417 0036 2B60     		str	r3, [r5]
 267:mcu-bsp/peripherals/stm32l0xx/src/stm32l0xx_hal_i2c_ex.c **** 
 268:mcu-bsp/peripherals/stm32l0xx/src/stm32l0xx_hal_i2c_ex.c ****     hi2c->State = HAL_I2C_STATE_READY;
 418              		.loc 1 268 5 discriminator 2 view .LVU119
 419              		.loc 1 268 17 is_stmt 0 discriminator 2 view .LVU120
 420 0038 2023     		movs	r3, #32
 421 003a 0355     		strb	r3, [r0, r4]
 269:mcu-bsp/peripherals/stm32l0xx/src/stm32l0xx_hal_i2c_ex.c **** 
 270:mcu-bsp/peripherals/stm32l0xx/src/stm32l0xx_hal_i2c_ex.c ****     /* Process Unlocked */
 271:mcu-bsp/peripherals/stm32l0xx/src/stm32l0xx_hal_i2c_ex.c ****     __HAL_UNLOCK(hi2c);
 422              		.loc 1 271 5 is_stmt 1 discriminator 2 view .LVU121
 423              		.loc 1 271 5 discriminator 2 view .LVU122
 424 003c 0023     		movs	r3, #0
 425 003e 4354     		strb	r3, [r0, r1]
 426              		.loc 1 271 5 discriminator 2 view .LVU123
 272:mcu-bsp/peripherals/stm32l0xx/src/stm32l0xx_hal_i2c_ex.c **** 
 273:mcu-bsp/peripherals/stm32l0xx/src/stm32l0xx_hal_i2c_ex.c ****     return HAL_OK;
 427              		.loc 1 273 5 discriminator 2 view .LVU124
 428              		.loc 1 273 12 is_stmt 0 discriminator 2 view .LVU125
 429 0040 0020     		movs	r0, #0
 430              	.LVL26:
 431              	.L18:
 274:mcu-bsp/peripherals/stm32l0xx/src/stm32l0xx_hal_i2c_ex.c ****   }
 275:mcu-bsp/peripherals/stm32l0xx/src/stm32l0xx_hal_i2c_ex.c ****   else
 276:mcu-bsp/peripherals/stm32l0xx/src/stm32l0xx_hal_i2c_ex.c ****   {
 277:mcu-bsp/peripherals/stm32l0xx/src/stm32l0xx_hal_i2c_ex.c ****     return HAL_BUSY;
 278:mcu-bsp/peripherals/stm32l0xx/src/stm32l0xx_hal_i2c_ex.c ****   }
 279:mcu-bsp/peripherals/stm32l0xx/src/stm32l0xx_hal_i2c_ex.c **** }
 432              		.loc 1 279 1 view .LVU126
 433              		@ sp needed
 434 0042 70BD     		pop	{r4, r5, r6, pc}
 435              	.LVL27:
 436              	.L19:
 277:mcu-bsp/peripherals/stm32l0xx/src/stm32l0xx_hal_i2c_ex.c ****   }
 437              		.loc 1 277 12 view .LVU127
 438 0044 0220     		movs	r0, #2
 439              	.LVL28:
 277:mcu-bsp/peripherals/stm32l0xx/src/stm32l0xx_hal_i2c_ex.c ****   }
 440              		.loc 1 277 12 view .LVU128
 441 0046 FCE7     		b	.L18
 442              	.LVL29:
 443              	.L20:
 256:mcu-bsp/peripherals/stm32l0xx/src/stm32l0xx_hal_i2c_ex.c **** 
 444              		.loc 1 256 5 view .LVU129
 445 0048 0220     		movs	r0, #2
 446              	.LVL30:
 256:mcu-bsp/peripherals/stm32l0xx/src/stm32l0xx_hal_i2c_ex.c **** 
 447              		.loc 1 256 5 view .LVU130
 448 004a FAE7     		b	.L18
 449              	.L22:
 450              		.align	2
 451              	.L21:
 452 004c FFFFFBFF 		.word	-262145
 453              		.cfi_endproc
ARM GAS  C:\Users\vic_user\AppData\Local\Temp\ccNCGbVD.s 			page 14


 454              	.LFE45:
 456              		.section	.text.HAL_I2CEx_EnableFastModePlus,"ax",%progbits
 457              		.align	1
 458              		.global	HAL_I2CEx_EnableFastModePlus
 459              		.syntax unified
 460              		.code	16
 461              		.thumb_func
 462              		.fpu softvfp
 464              	HAL_I2CEx_EnableFastModePlus:
 465              	.LVL31:
 466              	.LFB46:
 280:mcu-bsp/peripherals/stm32l0xx/src/stm32l0xx_hal_i2c_ex.c **** /**
 281:mcu-bsp/peripherals/stm32l0xx/src/stm32l0xx_hal_i2c_ex.c ****   * @}
 282:mcu-bsp/peripherals/stm32l0xx/src/stm32l0xx_hal_i2c_ex.c ****   */
 283:mcu-bsp/peripherals/stm32l0xx/src/stm32l0xx_hal_i2c_ex.c **** #if  (defined(SYSCFG_CFGR2_I2C_PB6_FMP) || defined(SYSCFG_CFGR2_I2C_PB7_FMP)) || (defined(SYSCFG_CF
 284:mcu-bsp/peripherals/stm32l0xx/src/stm32l0xx_hal_i2c_ex.c **** 
 285:mcu-bsp/peripherals/stm32l0xx/src/stm32l0xx_hal_i2c_ex.c **** /** @defgroup I2CEx_Exported_Functions_Group3 Fast Mode Plus Functions
 286:mcu-bsp/peripherals/stm32l0xx/src/stm32l0xx_hal_i2c_ex.c ****   * @brief    Fast Mode Plus Functions
 287:mcu-bsp/peripherals/stm32l0xx/src/stm32l0xx_hal_i2c_ex.c ****   *
 288:mcu-bsp/peripherals/stm32l0xx/src/stm32l0xx_hal_i2c_ex.c **** @verbatim
 289:mcu-bsp/peripherals/stm32l0xx/src/stm32l0xx_hal_i2c_ex.c ****  ===============================================================================
 290:mcu-bsp/peripherals/stm32l0xx/src/stm32l0xx_hal_i2c_ex.c ****                       ##### Fast Mode Plus Functions #####
 291:mcu-bsp/peripherals/stm32l0xx/src/stm32l0xx_hal_i2c_ex.c ****  ===============================================================================
 292:mcu-bsp/peripherals/stm32l0xx/src/stm32l0xx_hal_i2c_ex.c ****     [..] This section provides functions allowing to:
 293:mcu-bsp/peripherals/stm32l0xx/src/stm32l0xx_hal_i2c_ex.c ****       (+) Configure Fast Mode Plus
 294:mcu-bsp/peripherals/stm32l0xx/src/stm32l0xx_hal_i2c_ex.c **** 
 295:mcu-bsp/peripherals/stm32l0xx/src/stm32l0xx_hal_i2c_ex.c **** @endverbatim
 296:mcu-bsp/peripherals/stm32l0xx/src/stm32l0xx_hal_i2c_ex.c ****   * @{
 297:mcu-bsp/peripherals/stm32l0xx/src/stm32l0xx_hal_i2c_ex.c ****   */
 298:mcu-bsp/peripherals/stm32l0xx/src/stm32l0xx_hal_i2c_ex.c **** 
 299:mcu-bsp/peripherals/stm32l0xx/src/stm32l0xx_hal_i2c_ex.c **** /**
 300:mcu-bsp/peripherals/stm32l0xx/src/stm32l0xx_hal_i2c_ex.c ****   * @brief Enable the I2C fast mode plus driving capability.
 301:mcu-bsp/peripherals/stm32l0xx/src/stm32l0xx_hal_i2c_ex.c ****   * @param ConfigFastModePlus Selects the pin.
 302:mcu-bsp/peripherals/stm32l0xx/src/stm32l0xx_hal_i2c_ex.c ****   *   This parameter can be one of the @ref I2CEx_FastModePlus values
 303:mcu-bsp/peripherals/stm32l0xx/src/stm32l0xx_hal_i2c_ex.c ****   * @note  For I2C1, fast mode plus driving capability can be enabled on all selected
 304:mcu-bsp/peripherals/stm32l0xx/src/stm32l0xx_hal_i2c_ex.c ****   *        I2C1 pins using I2C_FASTMODEPLUS_I2C1 parameter or independently
 305:mcu-bsp/peripherals/stm32l0xx/src/stm32l0xx_hal_i2c_ex.c ****   *        on each one of the following pins PB6, PB7, PB8 and PB9.
 306:mcu-bsp/peripherals/stm32l0xx/src/stm32l0xx_hal_i2c_ex.c ****   * @note  For remaining I2C1 pins (PA14, PA15...) fast mode plus driving capability
 307:mcu-bsp/peripherals/stm32l0xx/src/stm32l0xx_hal_i2c_ex.c ****   *        can be enabled only by using I2C_FASTMODEPLUS_I2C1 parameter.
 308:mcu-bsp/peripherals/stm32l0xx/src/stm32l0xx_hal_i2c_ex.c ****   * @note  For all I2C2 pins fast mode plus driving capability can be enabled
 309:mcu-bsp/peripherals/stm32l0xx/src/stm32l0xx_hal_i2c_ex.c ****   *        only by using I2C_FASTMODEPLUS_I2C2 parameter.
 310:mcu-bsp/peripherals/stm32l0xx/src/stm32l0xx_hal_i2c_ex.c ****   * @note  For all I2C3 pins fast mode plus driving capability can be enabled
 311:mcu-bsp/peripherals/stm32l0xx/src/stm32l0xx_hal_i2c_ex.c ****   *        only by using I2C_FASTMODEPLUS_I2C3 parameter.
 312:mcu-bsp/peripherals/stm32l0xx/src/stm32l0xx_hal_i2c_ex.c ****   * @retval None
 313:mcu-bsp/peripherals/stm32l0xx/src/stm32l0xx_hal_i2c_ex.c ****   */
 314:mcu-bsp/peripherals/stm32l0xx/src/stm32l0xx_hal_i2c_ex.c **** void HAL_I2CEx_EnableFastModePlus(uint32_t ConfigFastModePlus)
 315:mcu-bsp/peripherals/stm32l0xx/src/stm32l0xx_hal_i2c_ex.c **** {
 467              		.loc 1 315 1 is_stmt 1 view -0
 468              		.cfi_startproc
 469              		@ args = 0, pretend = 0, frame = 0
 470              		@ frame_needed = 0, uses_anonymous_args = 0
 471              		@ link register save eliminated.
 316:mcu-bsp/peripherals/stm32l0xx/src/stm32l0xx_hal_i2c_ex.c ****   /* Check the parameter */
 317:mcu-bsp/peripherals/stm32l0xx/src/stm32l0xx_hal_i2c_ex.c ****   assert_param(IS_I2C_FASTMODEPLUS(ConfigFastModePlus));
 472              		.loc 1 317 3 view .LVU132
 318:mcu-bsp/peripherals/stm32l0xx/src/stm32l0xx_hal_i2c_ex.c **** 
 319:mcu-bsp/peripherals/stm32l0xx/src/stm32l0xx_hal_i2c_ex.c ****   /* Enable SYSCFG clock */
ARM GAS  C:\Users\vic_user\AppData\Local\Temp\ccNCGbVD.s 			page 15


 320:mcu-bsp/peripherals/stm32l0xx/src/stm32l0xx_hal_i2c_ex.c ****   __HAL_RCC_SYSCFG_CLK_ENABLE();
 473              		.loc 1 320 3 view .LVU133
 474 0000 0449     		ldr	r1, .L24
 475 0002 4A6B     		ldr	r2, [r1, #52]
 476 0004 0123     		movs	r3, #1
 477 0006 1A43     		orrs	r2, r3
 478 0008 4A63     		str	r2, [r1, #52]
 321:mcu-bsp/peripherals/stm32l0xx/src/stm32l0xx_hal_i2c_ex.c **** 
 322:mcu-bsp/peripherals/stm32l0xx/src/stm32l0xx_hal_i2c_ex.c ****   /* Enable fast mode plus driving capability for selected pin */
 323:mcu-bsp/peripherals/stm32l0xx/src/stm32l0xx_hal_i2c_ex.c ****   SET_BIT(SYSCFG->CFGR2, (uint32_t)ConfigFastModePlus);
 479              		.loc 1 323 3 view .LVU134
 480 000a 034A     		ldr	r2, .L24+4
 481 000c 5368     		ldr	r3, [r2, #4]
 482 000e 0343     		orrs	r3, r0
 483 0010 5360     		str	r3, [r2, #4]
 324:mcu-bsp/peripherals/stm32l0xx/src/stm32l0xx_hal_i2c_ex.c **** }
 484              		.loc 1 324 1 is_stmt 0 view .LVU135
 485              		@ sp needed
 486 0012 7047     		bx	lr
 487              	.L25:
 488              		.align	2
 489              	.L24:
 490 0014 00100240 		.word	1073876992
 491 0018 00000140 		.word	1073807360
 492              		.cfi_endproc
 493              	.LFE46:
 495              		.section	.text.HAL_I2CEx_DisableFastModePlus,"ax",%progbits
 496              		.align	1
 497              		.global	HAL_I2CEx_DisableFastModePlus
 498              		.syntax unified
 499              		.code	16
 500              		.thumb_func
 501              		.fpu softvfp
 503              	HAL_I2CEx_DisableFastModePlus:
 504              	.LVL32:
 505              	.LFB47:
 325:mcu-bsp/peripherals/stm32l0xx/src/stm32l0xx_hal_i2c_ex.c **** 
 326:mcu-bsp/peripherals/stm32l0xx/src/stm32l0xx_hal_i2c_ex.c **** /**
 327:mcu-bsp/peripherals/stm32l0xx/src/stm32l0xx_hal_i2c_ex.c ****   * @brief Disable the I2C fast mode plus driving capability.
 328:mcu-bsp/peripherals/stm32l0xx/src/stm32l0xx_hal_i2c_ex.c ****   * @param ConfigFastModePlus Selects the pin.
 329:mcu-bsp/peripherals/stm32l0xx/src/stm32l0xx_hal_i2c_ex.c ****   *   This parameter can be one of the @ref I2CEx_FastModePlus values
 330:mcu-bsp/peripherals/stm32l0xx/src/stm32l0xx_hal_i2c_ex.c ****   * @note  For I2C1, fast mode plus driving capability can be disabled on all selected
 331:mcu-bsp/peripherals/stm32l0xx/src/stm32l0xx_hal_i2c_ex.c ****   *        I2C1 pins using I2C_FASTMODEPLUS_I2C1 parameter or independently
 332:mcu-bsp/peripherals/stm32l0xx/src/stm32l0xx_hal_i2c_ex.c ****   *        on each one of the following pins PB6, PB7, PB8 and PB9.
 333:mcu-bsp/peripherals/stm32l0xx/src/stm32l0xx_hal_i2c_ex.c ****   * @note  For remaining I2C1 pins (PA14, PA15...) fast mode plus driving capability
 334:mcu-bsp/peripherals/stm32l0xx/src/stm32l0xx_hal_i2c_ex.c ****   *        can be disabled only by using I2C_FASTMODEPLUS_I2C1 parameter.
 335:mcu-bsp/peripherals/stm32l0xx/src/stm32l0xx_hal_i2c_ex.c ****   * @note  For all I2C2 pins fast mode plus driving capability can be disabled
 336:mcu-bsp/peripherals/stm32l0xx/src/stm32l0xx_hal_i2c_ex.c ****   *        only by using I2C_FASTMODEPLUS_I2C2 parameter.
 337:mcu-bsp/peripherals/stm32l0xx/src/stm32l0xx_hal_i2c_ex.c ****   * @note  For all I2C3 pins fast mode plus driving capability can be disabled
 338:mcu-bsp/peripherals/stm32l0xx/src/stm32l0xx_hal_i2c_ex.c ****   *        only by using I2C_FASTMODEPLUS_I2C3 parameter.
 339:mcu-bsp/peripherals/stm32l0xx/src/stm32l0xx_hal_i2c_ex.c ****   * @retval None
 340:mcu-bsp/peripherals/stm32l0xx/src/stm32l0xx_hal_i2c_ex.c ****   */
 341:mcu-bsp/peripherals/stm32l0xx/src/stm32l0xx_hal_i2c_ex.c **** void HAL_I2CEx_DisableFastModePlus(uint32_t ConfigFastModePlus)
 342:mcu-bsp/peripherals/stm32l0xx/src/stm32l0xx_hal_i2c_ex.c **** {
 506              		.loc 1 342 1 is_stmt 1 view -0
 507              		.cfi_startproc
 508              		@ args = 0, pretend = 0, frame = 0
ARM GAS  C:\Users\vic_user\AppData\Local\Temp\ccNCGbVD.s 			page 16


 509              		@ frame_needed = 0, uses_anonymous_args = 0
 510              		@ link register save eliminated.
 343:mcu-bsp/peripherals/stm32l0xx/src/stm32l0xx_hal_i2c_ex.c ****   /* Check the parameter */
 344:mcu-bsp/peripherals/stm32l0xx/src/stm32l0xx_hal_i2c_ex.c ****   assert_param(IS_I2C_FASTMODEPLUS(ConfigFastModePlus));
 511              		.loc 1 344 3 view .LVU137
 345:mcu-bsp/peripherals/stm32l0xx/src/stm32l0xx_hal_i2c_ex.c **** 
 346:mcu-bsp/peripherals/stm32l0xx/src/stm32l0xx_hal_i2c_ex.c ****   /* Enable SYSCFG clock */
 347:mcu-bsp/peripherals/stm32l0xx/src/stm32l0xx_hal_i2c_ex.c ****   __HAL_RCC_SYSCFG_CLK_ENABLE();
 512              		.loc 1 347 3 view .LVU138
 513 0000 044A     		ldr	r2, .L27
 514 0002 536B     		ldr	r3, [r2, #52]
 515 0004 0121     		movs	r1, #1
 516 0006 0B43     		orrs	r3, r1
 517 0008 5363     		str	r3, [r2, #52]
 348:mcu-bsp/peripherals/stm32l0xx/src/stm32l0xx_hal_i2c_ex.c **** 
 349:mcu-bsp/peripherals/stm32l0xx/src/stm32l0xx_hal_i2c_ex.c ****   /* Disable fast mode plus driving capability for selected pin */
 350:mcu-bsp/peripherals/stm32l0xx/src/stm32l0xx_hal_i2c_ex.c ****   CLEAR_BIT(SYSCFG->CFGR2, (uint32_t)ConfigFastModePlus);
 518              		.loc 1 350 3 view .LVU139
 519 000a 034A     		ldr	r2, .L27+4
 520 000c 5368     		ldr	r3, [r2, #4]
 521 000e 8343     		bics	r3, r0
 522 0010 5360     		str	r3, [r2, #4]
 351:mcu-bsp/peripherals/stm32l0xx/src/stm32l0xx_hal_i2c_ex.c **** }
 523              		.loc 1 351 1 is_stmt 0 view .LVU140
 524              		@ sp needed
 525 0012 7047     		bx	lr
 526              	.L28:
 527              		.align	2
 528              	.L27:
 529 0014 00100240 		.word	1073876992
 530 0018 00000140 		.word	1073807360
 531              		.cfi_endproc
 532              	.LFE47:
 534              		.text
 535              	.Letext0:
 536              		.file 2 "c:\\programdata\\chocolatey\\lib\\gcc-arm-embedded\\tools\\gcc-arm-none-eabi-10-2020-q4-m
 537              		.file 3 "c:\\programdata\\chocolatey\\lib\\gcc-arm-embedded\\tools\\gcc-arm-none-eabi-10-2020-q4-m
 538              		.file 4 "mcu-bsp/CMSIS/Device/ST/STM32L0xx/Include/stm32l011xx.h"
 539              		.file 5 "mcu-bsp/peripherals/stm32l0xx/inc/stm32l0xx_hal_def.h"
 540              		.file 6 "mcu-bsp/peripherals/stm32l0xx/inc/stm32l0xx_hal_dma.h"
 541              		.file 7 "mcu-bsp/peripherals/stm32l0xx/inc/stm32l0xx_hal_i2c.h"
ARM GAS  C:\Users\vic_user\AppData\Local\Temp\ccNCGbVD.s 			page 17


DEFINED SYMBOLS
                            *ABS*:00000000 stm32l0xx_hal_i2c_ex.c
C:\Users\vic_user\AppData\Local\Temp\ccNCGbVD.s:16     .text.HAL_I2CEx_ConfigAnalogFilter:00000000 $t
C:\Users\vic_user\AppData\Local\Temp\ccNCGbVD.s:24     .text.HAL_I2CEx_ConfigAnalogFilter:00000000 HAL_I2CEx_ConfigAnalogFilter
C:\Users\vic_user\AppData\Local\Temp\ccNCGbVD.s:127    .text.HAL_I2CEx_ConfigAnalogFilter:00000054 $d
C:\Users\vic_user\AppData\Local\Temp\ccNCGbVD.s:132    .text.HAL_I2CEx_ConfigDigitalFilter:00000000 $t
C:\Users\vic_user\AppData\Local\Temp\ccNCGbVD.s:139    .text.HAL_I2CEx_ConfigDigitalFilter:00000000 HAL_I2CEx_ConfigDigitalFilter
C:\Users\vic_user\AppData\Local\Temp\ccNCGbVD.s:249    .text.HAL_I2CEx_ConfigDigitalFilter:00000050 $d
C:\Users\vic_user\AppData\Local\Temp\ccNCGbVD.s:254    .text.HAL_I2CEx_EnableWakeUp:00000000 $t
C:\Users\vic_user\AppData\Local\Temp\ccNCGbVD.s:261    .text.HAL_I2CEx_EnableWakeUp:00000000 HAL_I2CEx_EnableWakeUp
C:\Users\vic_user\AppData\Local\Temp\ccNCGbVD.s:354    .text.HAL_I2CEx_DisableWakeUp:00000000 $t
C:\Users\vic_user\AppData\Local\Temp\ccNCGbVD.s:361    .text.HAL_I2CEx_DisableWakeUp:00000000 HAL_I2CEx_DisableWakeUp
C:\Users\vic_user\AppData\Local\Temp\ccNCGbVD.s:452    .text.HAL_I2CEx_DisableWakeUp:0000004c $d
C:\Users\vic_user\AppData\Local\Temp\ccNCGbVD.s:457    .text.HAL_I2CEx_EnableFastModePlus:00000000 $t
C:\Users\vic_user\AppData\Local\Temp\ccNCGbVD.s:464    .text.HAL_I2CEx_EnableFastModePlus:00000000 HAL_I2CEx_EnableFastModePlus
C:\Users\vic_user\AppData\Local\Temp\ccNCGbVD.s:490    .text.HAL_I2CEx_EnableFastModePlus:00000014 $d
C:\Users\vic_user\AppData\Local\Temp\ccNCGbVD.s:496    .text.HAL_I2CEx_DisableFastModePlus:00000000 $t
C:\Users\vic_user\AppData\Local\Temp\ccNCGbVD.s:503    .text.HAL_I2CEx_DisableFastModePlus:00000000 HAL_I2CEx_DisableFastModePlus
C:\Users\vic_user\AppData\Local\Temp\ccNCGbVD.s:529    .text.HAL_I2CEx_DisableFastModePlus:00000014 $d

NO UNDEFINED SYMBOLS
