ARM GAS  C:\Users\vic_user\AppData\Local\Temp\ccrgDqcI.s 			page 1


   1              		.cpu cortex-m0plus
   2              		.eabi_attribute 20, 1
   3              		.eabi_attribute 21, 1
   4              		.eabi_attribute 23, 3
   5              		.eabi_attribute 24, 1
   6              		.eabi_attribute 25, 1
   7              		.eabi_attribute 26, 1
   8              		.eabi_attribute 30, 1
   9              		.eabi_attribute 34, 0
  10              		.eabi_attribute 18, 4
  11              		.file	"system_stm32l0xx.c"
  12              		.text
  13              	.Ltext0:
  14              		.cfi_sections	.debug_frame
  15              		.section	.text.SystemInit,"ax",%progbits
  16              		.align	1
  17              		.global	SystemInit
  18              		.arch armv6s-m
  19              		.syntax unified
  20              		.code	16
  21              		.thumb_func
  22              		.fpu softvfp
  24              	SystemInit:
  25              	.LFB40:
  26              		.file 1 "Core/Src/system_stm32l0xx.c"
   1:Core/Src/system_stm32l0xx.c **** /**
   2:Core/Src/system_stm32l0xx.c ****   ******************************************************************************
   3:Core/Src/system_stm32l0xx.c ****   * @file    system_stm32l0xx.c
   4:Core/Src/system_stm32l0xx.c ****   * @author  MCD Application Team
   5:Core/Src/system_stm32l0xx.c ****   * @brief   CMSIS Cortex-M0+ Device Peripheral Access Layer System Source File.
   6:Core/Src/system_stm32l0xx.c ****   *
   7:Core/Src/system_stm32l0xx.c ****   *   This file provides two functions and one global variable to be called from
   8:Core/Src/system_stm32l0xx.c ****   *   user application:
   9:Core/Src/system_stm32l0xx.c ****   *      - SystemInit(): This function is called at startup just after reset and
  10:Core/Src/system_stm32l0xx.c ****   *                      before branch to main program. This call is made inside
  11:Core/Src/system_stm32l0xx.c ****   *                      the "startup_stm32l0xx.s" file.
  12:Core/Src/system_stm32l0xx.c ****   *
  13:Core/Src/system_stm32l0xx.c ****   *      - SystemCoreClock variable: Contains the core clock (HCLK), it can be used
  14:Core/Src/system_stm32l0xx.c ****   *                                  by the user application to setup the SysTick
  15:Core/Src/system_stm32l0xx.c ****   *                                  timer or configure other parameters.
  16:Core/Src/system_stm32l0xx.c ****   *
  17:Core/Src/system_stm32l0xx.c ****   *      - SystemCoreClockUpdate(): Updates the variable SystemCoreClock and must
  18:Core/Src/system_stm32l0xx.c ****   *                                 be called whenever the core clock is changed
  19:Core/Src/system_stm32l0xx.c ****   *                                 during program execution.
  20:Core/Src/system_stm32l0xx.c ****   *
  21:Core/Src/system_stm32l0xx.c ****   *
  22:Core/Src/system_stm32l0xx.c ****   ******************************************************************************
  23:Core/Src/system_stm32l0xx.c ****   * @attention
  24:Core/Src/system_stm32l0xx.c ****   *
  25:Core/Src/system_stm32l0xx.c ****   * <h2><center>&copy; Copyright(c) 2016 STMicroelectronics.
  26:Core/Src/system_stm32l0xx.c ****   * All rights reserved.</center></h2>
  27:Core/Src/system_stm32l0xx.c ****   *
  28:Core/Src/system_stm32l0xx.c ****   * This software component is licensed by ST under BSD 3-Clause license,
  29:Core/Src/system_stm32l0xx.c ****   * the "License"; You may not use this file except in compliance with the
  30:Core/Src/system_stm32l0xx.c ****   * License. You may obtain a copy of the License at:
  31:Core/Src/system_stm32l0xx.c ****   *                        opensource.org/licenses/BSD-3-Clause
  32:Core/Src/system_stm32l0xx.c ****   *
ARM GAS  C:\Users\vic_user\AppData\Local\Temp\ccrgDqcI.s 			page 2


  33:Core/Src/system_stm32l0xx.c ****   ******************************************************************************
  34:Core/Src/system_stm32l0xx.c ****   */
  35:Core/Src/system_stm32l0xx.c **** 
  36:Core/Src/system_stm32l0xx.c **** /** @addtogroup CMSIS
  37:Core/Src/system_stm32l0xx.c ****   * @{
  38:Core/Src/system_stm32l0xx.c ****   */
  39:Core/Src/system_stm32l0xx.c **** 
  40:Core/Src/system_stm32l0xx.c **** /** @addtogroup stm32l0xx_system
  41:Core/Src/system_stm32l0xx.c ****   * @{
  42:Core/Src/system_stm32l0xx.c ****   */
  43:Core/Src/system_stm32l0xx.c **** 
  44:Core/Src/system_stm32l0xx.c **** /** @addtogroup STM32L0xx_System_Private_Includes
  45:Core/Src/system_stm32l0xx.c ****   * @{
  46:Core/Src/system_stm32l0xx.c ****   */
  47:Core/Src/system_stm32l0xx.c **** 
  48:Core/Src/system_stm32l0xx.c **** #include "stm32l0xx.h"
  49:Core/Src/system_stm32l0xx.c **** 
  50:Core/Src/system_stm32l0xx.c **** #if !defined  (HSE_VALUE)
  51:Core/Src/system_stm32l0xx.c ****   #define HSE_VALUE    ((uint32_t)8000000U) /*!< Value of the External oscillator in Hz */
  52:Core/Src/system_stm32l0xx.c **** #endif /* HSE_VALUE */
  53:Core/Src/system_stm32l0xx.c **** 
  54:Core/Src/system_stm32l0xx.c **** #if !defined  (MSI_VALUE)
  55:Core/Src/system_stm32l0xx.c ****   #define MSI_VALUE    ((uint32_t)2097152U) /*!< Value of the Internal oscillator in Hz*/
  56:Core/Src/system_stm32l0xx.c **** #endif /* MSI_VALUE */
  57:Core/Src/system_stm32l0xx.c **** 
  58:Core/Src/system_stm32l0xx.c **** #if !defined  (HSI_VALUE)
  59:Core/Src/system_stm32l0xx.c ****   #define HSI_VALUE    ((uint32_t)16000000U) /*!< Value of the Internal oscillator in Hz*/
  60:Core/Src/system_stm32l0xx.c **** #endif /* HSI_VALUE */
  61:Core/Src/system_stm32l0xx.c **** 
  62:Core/Src/system_stm32l0xx.c **** 
  63:Core/Src/system_stm32l0xx.c **** /**
  64:Core/Src/system_stm32l0xx.c ****   * @}
  65:Core/Src/system_stm32l0xx.c ****   */
  66:Core/Src/system_stm32l0xx.c **** 
  67:Core/Src/system_stm32l0xx.c **** /** @addtogroup STM32L0xx_System_Private_TypesDefinitions
  68:Core/Src/system_stm32l0xx.c ****   * @{
  69:Core/Src/system_stm32l0xx.c ****   */
  70:Core/Src/system_stm32l0xx.c **** 
  71:Core/Src/system_stm32l0xx.c **** /**
  72:Core/Src/system_stm32l0xx.c ****   * @}
  73:Core/Src/system_stm32l0xx.c ****   */
  74:Core/Src/system_stm32l0xx.c **** 
  75:Core/Src/system_stm32l0xx.c **** /** @addtogroup STM32L0xx_System_Private_Defines
  76:Core/Src/system_stm32l0xx.c ****   * @{
  77:Core/Src/system_stm32l0xx.c ****   */
  78:Core/Src/system_stm32l0xx.c **** /************************* Miscellaneous Configuration ************************/
  79:Core/Src/system_stm32l0xx.c **** 
  80:Core/Src/system_stm32l0xx.c **** /* Note: Following vector table addresses must be defined in line with linker
  81:Core/Src/system_stm32l0xx.c ****          configuration. */
  82:Core/Src/system_stm32l0xx.c **** /*!< Uncomment the following line if you need to relocate the vector table
  83:Core/Src/system_stm32l0xx.c ****      anywhere in Flash or Sram, else the vector table is kept at the automatic
  84:Core/Src/system_stm32l0xx.c ****      remap of boot address selected */
  85:Core/Src/system_stm32l0xx.c **** /* #define USER_VECT_TAB_ADDRESS */
  86:Core/Src/system_stm32l0xx.c **** 
  87:Core/Src/system_stm32l0xx.c **** #if defined(USER_VECT_TAB_ADDRESS)
  88:Core/Src/system_stm32l0xx.c **** /*!< Uncomment the following line if you need to relocate your vector Table
  89:Core/Src/system_stm32l0xx.c ****      in Sram else user remap will be done in Flash. */
ARM GAS  C:\Users\vic_user\AppData\Local\Temp\ccrgDqcI.s 			page 3


  90:Core/Src/system_stm32l0xx.c **** /* #define VECT_TAB_SRAM */
  91:Core/Src/system_stm32l0xx.c **** #if defined(VECT_TAB_SRAM)
  92:Core/Src/system_stm32l0xx.c **** #define VECT_TAB_BASE_ADDRESS   SRAM_BASE       /*!< Vector Table base address field.
  93:Core/Src/system_stm32l0xx.c ****                                                      This value must be a multiple of 0x200. */
  94:Core/Src/system_stm32l0xx.c **** #define VECT_TAB_OFFSET         0x00000000U     /*!< Vector Table base offset field.
  95:Core/Src/system_stm32l0xx.c ****                                                      This value must be a multiple of 0x200. */
  96:Core/Src/system_stm32l0xx.c **** #else
  97:Core/Src/system_stm32l0xx.c **** #define VECT_TAB_BASE_ADDRESS   FLASH_BASE      /*!< Vector Table base address field.
  98:Core/Src/system_stm32l0xx.c ****                                                      This value must be a multiple of 0x200. */
  99:Core/Src/system_stm32l0xx.c **** #define VECT_TAB_OFFSET         0x00000000U     /*!< Vector Table base offset field.
 100:Core/Src/system_stm32l0xx.c ****                                                      This value must be a multiple of 0x200. */
 101:Core/Src/system_stm32l0xx.c **** #endif /* VECT_TAB_SRAM */
 102:Core/Src/system_stm32l0xx.c **** #endif /* USER_VECT_TAB_ADDRESS */
 103:Core/Src/system_stm32l0xx.c **** 
 104:Core/Src/system_stm32l0xx.c **** /******************************************************************************/
 105:Core/Src/system_stm32l0xx.c **** /**
 106:Core/Src/system_stm32l0xx.c ****   * @}
 107:Core/Src/system_stm32l0xx.c ****   */
 108:Core/Src/system_stm32l0xx.c **** 
 109:Core/Src/system_stm32l0xx.c **** /** @addtogroup STM32L0xx_System_Private_Macros
 110:Core/Src/system_stm32l0xx.c ****   * @{
 111:Core/Src/system_stm32l0xx.c ****   */
 112:Core/Src/system_stm32l0xx.c **** 
 113:Core/Src/system_stm32l0xx.c **** /**
 114:Core/Src/system_stm32l0xx.c ****   * @}
 115:Core/Src/system_stm32l0xx.c ****   */
 116:Core/Src/system_stm32l0xx.c **** 
 117:Core/Src/system_stm32l0xx.c **** /** @addtogroup STM32L0xx_System_Private_Variables
 118:Core/Src/system_stm32l0xx.c ****   * @{
 119:Core/Src/system_stm32l0xx.c ****   */
 120:Core/Src/system_stm32l0xx.c ****   /* This variable is updated in three ways:
 121:Core/Src/system_stm32l0xx.c ****       1) by calling CMSIS function SystemCoreClockUpdate()
 122:Core/Src/system_stm32l0xx.c ****       2) by calling HAL API function HAL_RCC_GetHCLKFreq()
 123:Core/Src/system_stm32l0xx.c ****       3) each time HAL_RCC_ClockConfig() is called to configure the system clock frequency
 124:Core/Src/system_stm32l0xx.c ****          Note: If you use this function to configure the system clock; then there
 125:Core/Src/system_stm32l0xx.c ****                is no need to call the 2 first functions listed above, since SystemCoreClock
 126:Core/Src/system_stm32l0xx.c ****                variable is updated automatically.
 127:Core/Src/system_stm32l0xx.c ****   */
 128:Core/Src/system_stm32l0xx.c ****   uint32_t SystemCoreClock = 2097152U; /* 32.768 kHz * 2^6 */
 129:Core/Src/system_stm32l0xx.c ****   const uint8_t AHBPrescTable[16] = {0U, 0U, 0U, 0U, 0U, 0U, 0U, 0U, 1U, 2U, 3U, 4U, 6U, 7U, 8U, 9U
 130:Core/Src/system_stm32l0xx.c ****   const uint8_t APBPrescTable[8] = {0U, 0U, 0U, 0U, 1U, 2U, 3U, 4U};
 131:Core/Src/system_stm32l0xx.c ****   const uint8_t PLLMulTable[9] = {3U, 4U, 6U, 8U, 12U, 16U, 24U, 32U, 48U};
 132:Core/Src/system_stm32l0xx.c **** 
 133:Core/Src/system_stm32l0xx.c **** /**
 134:Core/Src/system_stm32l0xx.c ****   * @}
 135:Core/Src/system_stm32l0xx.c ****   */
 136:Core/Src/system_stm32l0xx.c **** 
 137:Core/Src/system_stm32l0xx.c **** /** @addtogroup STM32L0xx_System_Private_FunctionPrototypes
 138:Core/Src/system_stm32l0xx.c ****   * @{
 139:Core/Src/system_stm32l0xx.c ****   */
 140:Core/Src/system_stm32l0xx.c **** 
 141:Core/Src/system_stm32l0xx.c **** /**
 142:Core/Src/system_stm32l0xx.c ****   * @}
 143:Core/Src/system_stm32l0xx.c ****   */
 144:Core/Src/system_stm32l0xx.c **** 
 145:Core/Src/system_stm32l0xx.c **** /** @addtogroup STM32L0xx_System_Private_Functions
 146:Core/Src/system_stm32l0xx.c ****   * @{
ARM GAS  C:\Users\vic_user\AppData\Local\Temp\ccrgDqcI.s 			page 4


 147:Core/Src/system_stm32l0xx.c ****   */
 148:Core/Src/system_stm32l0xx.c **** 
 149:Core/Src/system_stm32l0xx.c **** /**
 150:Core/Src/system_stm32l0xx.c ****   * @brief  Setup the microcontroller system.
 151:Core/Src/system_stm32l0xx.c ****   * @param  None
 152:Core/Src/system_stm32l0xx.c ****   * @retval None
 153:Core/Src/system_stm32l0xx.c ****   */
 154:Core/Src/system_stm32l0xx.c **** void SystemInit (void)
 155:Core/Src/system_stm32l0xx.c **** {
  27              		.loc 1 155 1 view -0
  28              		.cfi_startproc
  29              		@ args = 0, pretend = 0, frame = 0
  30              		@ frame_needed = 0, uses_anonymous_args = 0
  31              		@ link register save eliminated.
 156:Core/Src/system_stm32l0xx.c ****   /* Configure the Vector Table location add offset address ------------------*/
 157:Core/Src/system_stm32l0xx.c **** #if defined (USER_VECT_TAB_ADDRESS)
 158:Core/Src/system_stm32l0xx.c ****   SCB->VTOR = VECT_TAB_BASE_ADDRESS | VECT_TAB_OFFSET; /* Vector Table Relocation in Internal SRAM 
 159:Core/Src/system_stm32l0xx.c **** #endif /* USER_VECT_TAB_ADDRESS */
 160:Core/Src/system_stm32l0xx.c **** }
  32              		.loc 1 160 1 view .LVU1
  33              		@ sp needed
  34 0000 7047     		bx	lr
  35              		.cfi_endproc
  36              	.LFE40:
  38              		.global	__aeabi_uidiv
  39              		.section	.text.SystemCoreClockUpdate,"ax",%progbits
  40              		.align	1
  41              		.global	SystemCoreClockUpdate
  42              		.syntax unified
  43              		.code	16
  44              		.thumb_func
  45              		.fpu softvfp
  47              	SystemCoreClockUpdate:
  48              	.LFB41:
 161:Core/Src/system_stm32l0xx.c **** 
 162:Core/Src/system_stm32l0xx.c **** /**
 163:Core/Src/system_stm32l0xx.c ****   * @brief  Update SystemCoreClock variable according to Clock Register Values.
 164:Core/Src/system_stm32l0xx.c ****   *         The SystemCoreClock variable contains the core clock (HCLK), it can
 165:Core/Src/system_stm32l0xx.c ****   *         be used by the user application to setup the SysTick timer or configure
 166:Core/Src/system_stm32l0xx.c ****   *         other parameters.
 167:Core/Src/system_stm32l0xx.c ****   *
 168:Core/Src/system_stm32l0xx.c ****   * @note   Each time the core clock (HCLK) changes, this function must be called
 169:Core/Src/system_stm32l0xx.c ****   *         to update SystemCoreClock variable value. Otherwise, any configuration
 170:Core/Src/system_stm32l0xx.c ****   *         based on this variable will be incorrect.
 171:Core/Src/system_stm32l0xx.c ****   *
 172:Core/Src/system_stm32l0xx.c ****   * @note   - The system frequency computed by this function is not the real
 173:Core/Src/system_stm32l0xx.c ****   *           frequency in the chip. It is calculated based on the predefined
 174:Core/Src/system_stm32l0xx.c ****   *           constant and the selected clock source:
 175:Core/Src/system_stm32l0xx.c ****   *
 176:Core/Src/system_stm32l0xx.c ****   *           - If SYSCLK source is MSI, SystemCoreClock will contain the MSI
 177:Core/Src/system_stm32l0xx.c ****   *             value as defined by the MSI range.
 178:Core/Src/system_stm32l0xx.c ****   *
 179:Core/Src/system_stm32l0xx.c ****   *           - If SYSCLK source is HSI, SystemCoreClock will contain the HSI_VALUE(*)
 180:Core/Src/system_stm32l0xx.c ****   *
 181:Core/Src/system_stm32l0xx.c ****   *           - If SYSCLK source is HSE, SystemCoreClock will contain the HSE_VALUE(**)
 182:Core/Src/system_stm32l0xx.c ****   *
 183:Core/Src/system_stm32l0xx.c ****   *           - If SYSCLK source is PLL, SystemCoreClock will contain the HSE_VALUE(**)
ARM GAS  C:\Users\vic_user\AppData\Local\Temp\ccrgDqcI.s 			page 5


 184:Core/Src/system_stm32l0xx.c ****   *             or HSI_VALUE(*) multiplied/divided by the PLL factors.
 185:Core/Src/system_stm32l0xx.c ****   *
 186:Core/Src/system_stm32l0xx.c ****   *         (*) HSI_VALUE is a constant defined in stm32l0xx_hal.h file (default value
 187:Core/Src/system_stm32l0xx.c ****   *             16 MHz) but the real value may vary depending on the variations
 188:Core/Src/system_stm32l0xx.c ****   *             in voltage and temperature.
 189:Core/Src/system_stm32l0xx.c ****   *
 190:Core/Src/system_stm32l0xx.c ****   *         (**) HSE_VALUE is a constant defined in stm32l0xx_hal.h file (default value
 191:Core/Src/system_stm32l0xx.c ****   *              8 MHz), user has to ensure that HSE_VALUE is same as the real
 192:Core/Src/system_stm32l0xx.c ****   *              frequency of the crystal used. Otherwise, this function may
 193:Core/Src/system_stm32l0xx.c ****   *              have wrong result.
 194:Core/Src/system_stm32l0xx.c ****   *
 195:Core/Src/system_stm32l0xx.c ****   *         - The result of this function could be not correct when using fractional
 196:Core/Src/system_stm32l0xx.c ****   *           value for HSE crystal.
 197:Core/Src/system_stm32l0xx.c ****   * @param  None
 198:Core/Src/system_stm32l0xx.c ****   * @retval None
 199:Core/Src/system_stm32l0xx.c ****   */
 200:Core/Src/system_stm32l0xx.c **** void SystemCoreClockUpdate (void)
 201:Core/Src/system_stm32l0xx.c **** {
  49              		.loc 1 201 1 view -0
  50              		.cfi_startproc
  51              		@ args = 0, pretend = 0, frame = 0
  52              		@ frame_needed = 0, uses_anonymous_args = 0
  53 0000 10B5     		push	{r4, lr}
  54              	.LCFI0:
  55              		.cfi_def_cfa_offset 8
  56              		.cfi_offset 4, -8
  57              		.cfi_offset 14, -4
 202:Core/Src/system_stm32l0xx.c ****   uint32_t tmp = 0U, pllmul = 0U, plldiv = 0U, pllsource = 0U, msirange = 0U;
  58              		.loc 1 202 3 view .LVU3
  59              	.LVL0:
 203:Core/Src/system_stm32l0xx.c **** 
 204:Core/Src/system_stm32l0xx.c ****   /* Get SYSCLK source -------------------------------------------------------*/
 205:Core/Src/system_stm32l0xx.c ****   tmp = RCC->CFGR & RCC_CFGR_SWS;
  60              		.loc 1 205 3 view .LVU4
  61              		.loc 1 205 12 is_stmt 0 view .LVU5
  62 0002 344B     		ldr	r3, .L11
  63 0004 DA68     		ldr	r2, [r3, #12]
  64              		.loc 1 205 7 view .LVU6
  65 0006 0C23     		movs	r3, #12
  66 0008 1340     		ands	r3, r2
  67              	.LVL1:
 206:Core/Src/system_stm32l0xx.c **** 
 207:Core/Src/system_stm32l0xx.c ****   switch (tmp)
  68              		.loc 1 207 3 is_stmt 1 view .LVU7
  69 000a 042B     		cmp	r3, #4
  70 000c 3AD0     		beq	.L3
  71 000e 082B     		cmp	r3, #8
  72 0010 44D0     		beq	.L4
  73 0012 002B     		cmp	r3, #0
  74 0014 1ED0     		beq	.L10
 208:Core/Src/system_stm32l0xx.c ****   {
 209:Core/Src/system_stm32l0xx.c ****     case 0x00U:  /* MSI used as system clock */
 210:Core/Src/system_stm32l0xx.c ****       msirange = (RCC->ICSCR & RCC_ICSCR_MSIRANGE) >> RCC_ICSCR_MSIRANGE_Pos;
 211:Core/Src/system_stm32l0xx.c ****       SystemCoreClock = (32768U * (1U << (msirange + 1U)));
 212:Core/Src/system_stm32l0xx.c ****       break;
 213:Core/Src/system_stm32l0xx.c ****     case 0x04U:  /* HSI used as system clock */
 214:Core/Src/system_stm32l0xx.c ****       if ((RCC->CR & RCC_CR_HSIDIVF) != 0U)
ARM GAS  C:\Users\vic_user\AppData\Local\Temp\ccrgDqcI.s 			page 6


 215:Core/Src/system_stm32l0xx.c ****       {
 216:Core/Src/system_stm32l0xx.c ****         SystemCoreClock = HSI_VALUE / 4U;
 217:Core/Src/system_stm32l0xx.c ****       }
 218:Core/Src/system_stm32l0xx.c ****       else
 219:Core/Src/system_stm32l0xx.c ****       {
 220:Core/Src/system_stm32l0xx.c ****         SystemCoreClock = HSI_VALUE;
 221:Core/Src/system_stm32l0xx.c ****       }
 222:Core/Src/system_stm32l0xx.c ****       break;
 223:Core/Src/system_stm32l0xx.c ****     case 0x08U:  /* HSE used as system clock */
 224:Core/Src/system_stm32l0xx.c ****       SystemCoreClock = HSE_VALUE;
 225:Core/Src/system_stm32l0xx.c ****       break;
 226:Core/Src/system_stm32l0xx.c ****     default:  /* PLL used as system clock */
 227:Core/Src/system_stm32l0xx.c ****       /* Get PLL clock source and multiplication factor ----------------------*/
 228:Core/Src/system_stm32l0xx.c ****       pllmul = RCC->CFGR & RCC_CFGR_PLLMUL;
  75              		.loc 1 228 7 view .LVU8
  76              		.loc 1 228 19 is_stmt 0 view .LVU9
  77 0016 2F4B     		ldr	r3, .L11
  78              	.LVL2:
  79              		.loc 1 228 19 view .LVU10
  80 0018 D868     		ldr	r0, [r3, #12]
  81              	.LVL3:
 229:Core/Src/system_stm32l0xx.c ****       plldiv = RCC->CFGR & RCC_CFGR_PLLDIV;
  82              		.loc 1 229 7 is_stmt 1 view .LVU11
  83              		.loc 1 229 19 is_stmt 0 view .LVU12
  84 001a D968     		ldr	r1, [r3, #12]
  85              	.LVL4:
 230:Core/Src/system_stm32l0xx.c ****       pllmul = PLLMulTable[(pllmul >> RCC_CFGR_PLLMUL_Pos)];
  86              		.loc 1 230 7 is_stmt 1 view .LVU13
  87              		.loc 1 230 36 is_stmt 0 view .LVU14
  88 001c 800C     		lsrs	r0, r0, #18
  89              	.LVL5:
  90              		.loc 1 230 36 view .LVU15
  91 001e 0F22     		movs	r2, #15
  92              	.LVL6:
  93              		.loc 1 230 36 view .LVU16
  94 0020 0240     		ands	r2, r0
  95              		.loc 1 230 27 view .LVU17
  96 0022 2D48     		ldr	r0, .L11+4
  97 0024 845C     		ldrb	r4, [r0, r2]
  98              	.LVL7:
 231:Core/Src/system_stm32l0xx.c ****       plldiv = (plldiv >> RCC_CFGR_PLLDIV_Pos) + 1U;
  99              		.loc 1 231 7 is_stmt 1 view .LVU18
 100              		.loc 1 231 24 is_stmt 0 view .LVU19
 101 0026 8A0D     		lsrs	r2, r1, #22
 102 0028 0321     		movs	r1, #3
 103              	.LVL8:
 104              		.loc 1 231 24 view .LVU20
 105 002a 1140     		ands	r1, r2
 106              		.loc 1 231 14 view .LVU21
 107 002c 0131     		adds	r1, r1, #1
 108              	.LVL9:
 232:Core/Src/system_stm32l0xx.c **** 
 233:Core/Src/system_stm32l0xx.c ****       pllsource = RCC->CFGR & RCC_CFGR_PLLSRC;
 109              		.loc 1 233 7 is_stmt 1 view .LVU22
 110              		.loc 1 233 22 is_stmt 0 view .LVU23
 111 002e DB68     		ldr	r3, [r3, #12]
 112              	.LVL10:
ARM GAS  C:\Users\vic_user\AppData\Local\Temp\ccrgDqcI.s 			page 7


 234:Core/Src/system_stm32l0xx.c **** 
 235:Core/Src/system_stm32l0xx.c ****       if (pllsource == 0x00U)
 113              		.loc 1 235 7 is_stmt 1 view .LVU24
 114              		.loc 1 235 10 is_stmt 0 view .LVU25
 115 0030 DB03     		lsls	r3, r3, #15
 116 0032 43D4     		bmi	.L8
 117              	.LVL11:
 236:Core/Src/system_stm32l0xx.c ****       {
 237:Core/Src/system_stm32l0xx.c ****         /* HSI oscillator clock selected as PLL clock entry */
 238:Core/Src/system_stm32l0xx.c ****         if ((RCC->CR & RCC_CR_HSIDIVF) != 0U)
 118              		.loc 1 238 9 is_stmt 1 view .LVU26
 119              		.loc 1 238 17 is_stmt 0 view .LVU27
 120 0034 274B     		ldr	r3, .L11
 121 0036 1B68     		ldr	r3, [r3]
 122              		.loc 1 238 12 view .LVU28
 123 0038 DB06     		lsls	r3, r3, #27
 124 003a 33D5     		bpl	.L9
 239:Core/Src/system_stm32l0xx.c ****         {
 240:Core/Src/system_stm32l0xx.c ****           SystemCoreClock = (((HSI_VALUE / 4U) * pllmul) / plldiv);
 125              		.loc 1 240 11 is_stmt 1 view .LVU29
 126              		.loc 1 240 48 is_stmt 0 view .LVU30
 127 003c 6301     		lsls	r3, r4, #5
 128 003e 1B1B     		subs	r3, r3, r4
 129 0040 9801     		lsls	r0, r3, #6
 130 0042 C01A     		subs	r0, r0, r3
 131 0044 C000     		lsls	r0, r0, #3
 132 0046 0019     		adds	r0, r0, r4
 133 0048 0002     		lsls	r0, r0, #8
 134              		.loc 1 240 58 view .LVU31
 135 004a FFF7FEFF 		bl	__aeabi_uidiv
 136              	.LVL12:
 137              		.loc 1 240 27 view .LVU32
 138 004e 234B     		ldr	r3, .L11+8
 139 0050 1860     		str	r0, [r3]
 140 0052 0BE0     		b	.L6
 141              	.LVL13:
 142              	.L10:
 210:Core/Src/system_stm32l0xx.c ****       SystemCoreClock = (32768U * (1U << (msirange + 1U)));
 143              		.loc 1 210 7 is_stmt 1 view .LVU33
 210:Core/Src/system_stm32l0xx.c ****       SystemCoreClock = (32768U * (1U << (msirange + 1U)));
 144              		.loc 1 210 22 is_stmt 0 view .LVU34
 145 0054 1F4B     		ldr	r3, .L11
 146              	.LVL14:
 210:Core/Src/system_stm32l0xx.c ****       SystemCoreClock = (32768U * (1U << (msirange + 1U)));
 147              		.loc 1 210 22 view .LVU35
 148 0056 5A68     		ldr	r2, [r3, #4]
 149              	.LVL15:
 210:Core/Src/system_stm32l0xx.c ****       SystemCoreClock = (32768U * (1U << (msirange + 1U)));
 150              		.loc 1 210 52 view .LVU36
 151 0058 520B     		lsrs	r2, r2, #13
 210:Core/Src/system_stm32l0xx.c ****       SystemCoreClock = (32768U * (1U << (msirange + 1U)));
 152              		.loc 1 210 16 view .LVU37
 153 005a 0723     		movs	r3, #7
 154 005c 1340     		ands	r3, r2
 155              	.LVL16:
 211:Core/Src/system_stm32l0xx.c ****       break;
 156              		.loc 1 211 7 is_stmt 1 view .LVU38
ARM GAS  C:\Users\vic_user\AppData\Local\Temp\ccrgDqcI.s 			page 8


 211:Core/Src/system_stm32l0xx.c ****       break;
 157              		.loc 1 211 52 is_stmt 0 view .LVU39
 158 005e 0133     		adds	r3, r3, #1
 159              	.LVL17:
 211:Core/Src/system_stm32l0xx.c ****       break;
 160              		.loc 1 211 33 view .LVU40
 161 0060 8022     		movs	r2, #128
 162 0062 1202     		lsls	r2, r2, #8
 163 0064 9A40     		lsls	r2, r2, r3
 164 0066 1300     		movs	r3, r2
 165              	.LVL18:
 211:Core/Src/system_stm32l0xx.c ****       break;
 166              		.loc 1 211 23 view .LVU41
 167 0068 1C4A     		ldr	r2, .L11+8
 168 006a 1360     		str	r3, [r2]
 212:Core/Src/system_stm32l0xx.c ****     case 0x04U:  /* HSI used as system clock */
 169              		.loc 1 212 7 is_stmt 1 view .LVU42
 170              	.LVL19:
 171              	.L6:
 241:Core/Src/system_stm32l0xx.c ****         }
 242:Core/Src/system_stm32l0xx.c ****         else
 243:Core/Src/system_stm32l0xx.c ****         {
 244:Core/Src/system_stm32l0xx.c ****           SystemCoreClock = (((HSI_VALUE) * pllmul) / plldiv);
 245:Core/Src/system_stm32l0xx.c ****         }
 246:Core/Src/system_stm32l0xx.c ****       }
 247:Core/Src/system_stm32l0xx.c ****       else
 248:Core/Src/system_stm32l0xx.c ****       {
 249:Core/Src/system_stm32l0xx.c ****         /* HSE selected as PLL clock entry */
 250:Core/Src/system_stm32l0xx.c ****         SystemCoreClock = (((HSE_VALUE) * pllmul) / plldiv);
 251:Core/Src/system_stm32l0xx.c ****       }
 252:Core/Src/system_stm32l0xx.c ****       break;
 253:Core/Src/system_stm32l0xx.c ****   }
 254:Core/Src/system_stm32l0xx.c ****   /* Compute HCLK clock frequency --------------------------------------------*/
 255:Core/Src/system_stm32l0xx.c ****   /* Get HCLK prescaler */
 256:Core/Src/system_stm32l0xx.c ****   tmp = AHBPrescTable[((RCC->CFGR & RCC_CFGR_HPRE) >> RCC_CFGR_HPRE_Pos)];
 172              		.loc 1 256 3 view .LVU43
 173              		.loc 1 256 28 is_stmt 0 view .LVU44
 174 006c 194B     		ldr	r3, .L11
 175 006e DA68     		ldr	r2, [r3, #12]
 176              		.loc 1 256 52 view .LVU45
 177 0070 1209     		lsrs	r2, r2, #4
 178 0072 0F23     		movs	r3, #15
 179 0074 1340     		ands	r3, r2
 180              		.loc 1 256 22 view .LVU46
 181 0076 1A4A     		ldr	r2, .L11+12
 182 0078 D35C     		ldrb	r3, [r2, r3]
 183              	.LVL20:
 257:Core/Src/system_stm32l0xx.c ****   /* HCLK clock frequency */
 258:Core/Src/system_stm32l0xx.c ****   SystemCoreClock >>= tmp;
 184              		.loc 1 258 3 is_stmt 1 view .LVU47
 185              		.loc 1 258 19 is_stmt 0 view .LVU48
 186 007a 184A     		ldr	r2, .L11+8
 187 007c 1168     		ldr	r1, [r2]
 188 007e D940     		lsrs	r1, r1, r3
 189 0080 1160     		str	r1, [r2]
 259:Core/Src/system_stm32l0xx.c **** }
 190              		.loc 1 259 1 view .LVU49
ARM GAS  C:\Users\vic_user\AppData\Local\Temp\ccrgDqcI.s 			page 9


 191              		@ sp needed
 192 0082 10BD     		pop	{r4, pc}
 193              	.LVL21:
 194              	.L3:
 214:Core/Src/system_stm32l0xx.c ****       {
 195              		.loc 1 214 7 is_stmt 1 view .LVU50
 214:Core/Src/system_stm32l0xx.c ****       {
 196              		.loc 1 214 15 is_stmt 0 view .LVU51
 197 0084 134B     		ldr	r3, .L11
 198              	.LVL22:
 214:Core/Src/system_stm32l0xx.c ****       {
 199              		.loc 1 214 15 view .LVU52
 200 0086 1B68     		ldr	r3, [r3]
 214:Core/Src/system_stm32l0xx.c ****       {
 201              		.loc 1 214 10 view .LVU53
 202 0088 DB06     		lsls	r3, r3, #27
 203 008a 03D5     		bpl	.L7
 216:Core/Src/system_stm32l0xx.c ****       }
 204              		.loc 1 216 9 is_stmt 1 view .LVU54
 216:Core/Src/system_stm32l0xx.c ****       }
 205              		.loc 1 216 25 is_stmt 0 view .LVU55
 206 008c 134B     		ldr	r3, .L11+8
 207 008e 154A     		ldr	r2, .L11+16
 208              	.LVL23:
 216:Core/Src/system_stm32l0xx.c ****       }
 209              		.loc 1 216 25 view .LVU56
 210 0090 1A60     		str	r2, [r3]
 211 0092 EBE7     		b	.L6
 212              	.LVL24:
 213              	.L7:
 220:Core/Src/system_stm32l0xx.c ****       }
 214              		.loc 1 220 9 is_stmt 1 view .LVU57
 220:Core/Src/system_stm32l0xx.c ****       }
 215              		.loc 1 220 25 is_stmt 0 view .LVU58
 216 0094 114B     		ldr	r3, .L11+8
 217 0096 144A     		ldr	r2, .L11+20
 218              	.LVL25:
 220:Core/Src/system_stm32l0xx.c ****       }
 219              		.loc 1 220 25 view .LVU59
 220 0098 1A60     		str	r2, [r3]
 221 009a E7E7     		b	.L6
 222              	.LVL26:
 223              	.L4:
 224:Core/Src/system_stm32l0xx.c ****       break;
 224              		.loc 1 224 7 is_stmt 1 view .LVU60
 224:Core/Src/system_stm32l0xx.c ****       break;
 225              		.loc 1 224 23 is_stmt 0 view .LVU61
 226 009c 0F4B     		ldr	r3, .L11+8
 227              	.LVL27:
 224:Core/Src/system_stm32l0xx.c ****       break;
 228              		.loc 1 224 23 view .LVU62
 229 009e 134A     		ldr	r2, .L11+24
 230              	.LVL28:
 224:Core/Src/system_stm32l0xx.c ****       break;
 231              		.loc 1 224 23 view .LVU63
 232 00a0 1A60     		str	r2, [r3]
 225:Core/Src/system_stm32l0xx.c ****     default:  /* PLL used as system clock */
ARM GAS  C:\Users\vic_user\AppData\Local\Temp\ccrgDqcI.s 			page 10


 233              		.loc 1 225 7 is_stmt 1 view .LVU64
 234 00a2 E3E7     		b	.L6
 235              	.LVL29:
 236              	.L9:
 244:Core/Src/system_stm32l0xx.c ****         }
 237              		.loc 1 244 11 view .LVU65
 244:Core/Src/system_stm32l0xx.c ****         }
 238              		.loc 1 244 43 is_stmt 0 view .LVU66
 239 00a4 6301     		lsls	r3, r4, #5
 240 00a6 1B1B     		subs	r3, r3, r4
 241 00a8 9801     		lsls	r0, r3, #6
 242 00aa C01A     		subs	r0, r0, r3
 243 00ac C000     		lsls	r0, r0, #3
 244 00ae 0019     		adds	r0, r0, r4
 245 00b0 8002     		lsls	r0, r0, #10
 244:Core/Src/system_stm32l0xx.c ****         }
 246              		.loc 1 244 53 view .LVU67
 247 00b2 FFF7FEFF 		bl	__aeabi_uidiv
 248              	.LVL30:
 244:Core/Src/system_stm32l0xx.c ****         }
 249              		.loc 1 244 27 view .LVU68
 250 00b6 094B     		ldr	r3, .L11+8
 251 00b8 1860     		str	r0, [r3]
 252 00ba D7E7     		b	.L6
 253              	.LVL31:
 254              	.L8:
 250:Core/Src/system_stm32l0xx.c ****       }
 255              		.loc 1 250 9 is_stmt 1 view .LVU69
 250:Core/Src/system_stm32l0xx.c ****       }
 256              		.loc 1 250 41 is_stmt 0 view .LVU70
 257 00bc 6001     		lsls	r0, r4, #5
 258 00be 001B     		subs	r0, r0, r4
 259 00c0 8301     		lsls	r3, r0, #6
 260 00c2 181A     		subs	r0, r3, r0
 261 00c4 C000     		lsls	r0, r0, #3
 262 00c6 0019     		adds	r0, r0, r4
 263 00c8 4002     		lsls	r0, r0, #9
 250:Core/Src/system_stm32l0xx.c ****       }
 264              		.loc 1 250 51 view .LVU71
 265 00ca FFF7FEFF 		bl	__aeabi_uidiv
 266              	.LVL32:
 250:Core/Src/system_stm32l0xx.c ****       }
 267              		.loc 1 250 25 view .LVU72
 268 00ce 034B     		ldr	r3, .L11+8
 269 00d0 1860     		str	r0, [r3]
 270 00d2 CBE7     		b	.L6
 271              	.L12:
 272              		.align	2
 273              	.L11:
 274 00d4 00100240 		.word	1073876992
 275 00d8 00000000 		.word	.LANCHOR1
 276 00dc 00000000 		.word	.LANCHOR0
 277 00e0 00000000 		.word	.LANCHOR2
 278 00e4 00093D00 		.word	4000000
 279 00e8 0024F400 		.word	16000000
 280 00ec 00127A00 		.word	8000000
 281              		.cfi_endproc
ARM GAS  C:\Users\vic_user\AppData\Local\Temp\ccrgDqcI.s 			page 11


 282              	.LFE41:
 284              		.global	PLLMulTable
 285              		.global	APBPrescTable
 286              		.global	AHBPrescTable
 287              		.global	SystemCoreClock
 288              		.section	.data.SystemCoreClock,"aw"
 289              		.align	2
 290              		.set	.LANCHOR0,. + 0
 293              	SystemCoreClock:
 294 0000 00002000 		.word	2097152
 295              		.section	.rodata.AHBPrescTable,"a"
 296              		.align	2
 297              		.set	.LANCHOR2,. + 0
 300              	AHBPrescTable:
 301 0000 00000000 		.ascii	"\000\000\000\000\000\000\000\000\001\002\003\004\006"
 301      00000000 
 301      01020304 
 301      06
 302 000d 070809   		.ascii	"\007\010\011"
 303              		.section	.rodata.APBPrescTable,"a"
 304              		.align	2
 307              	APBPrescTable:
 308 0000 00000000 		.ascii	"\000\000\000\000\001\002\003\004"
 308      01020304 
 309              		.section	.rodata.PLLMulTable,"a"
 310              		.align	2
 311              		.set	.LANCHOR1,. + 0
 314              	PLLMulTable:
 315 0000 03040608 		.ascii	"\003\004\006\010\014\020\030 0"
 315      0C101820 
 315      30
 316              		.text
 317              	.Letext0:
 318              		.file 2 "c:\\programdata\\chocolatey\\lib\\gcc-arm-embedded\\tools\\gcc-arm-none-eabi-10-2020-q4-m
 319              		.file 3 "c:\\programdata\\chocolatey\\lib\\gcc-arm-embedded\\tools\\gcc-arm-none-eabi-10-2020-q4-m
 320              		.file 4 "Drivers/CMSIS/Device/ST/STM32L0xx/Include/system_stm32l0xx.h"
 321              		.file 5 "Drivers/CMSIS/Device/ST/STM32L0xx/Include/stm32l011xx.h"
ARM GAS  C:\Users\vic_user\AppData\Local\Temp\ccrgDqcI.s 			page 12


DEFINED SYMBOLS
                            *ABS*:00000000 system_stm32l0xx.c
C:\Users\vic_user\AppData\Local\Temp\ccrgDqcI.s:16     .text.SystemInit:00000000 $t
C:\Users\vic_user\AppData\Local\Temp\ccrgDqcI.s:24     .text.SystemInit:00000000 SystemInit
C:\Users\vic_user\AppData\Local\Temp\ccrgDqcI.s:40     .text.SystemCoreClockUpdate:00000000 $t
C:\Users\vic_user\AppData\Local\Temp\ccrgDqcI.s:47     .text.SystemCoreClockUpdate:00000000 SystemCoreClockUpdate
C:\Users\vic_user\AppData\Local\Temp\ccrgDqcI.s:274    .text.SystemCoreClockUpdate:000000d4 $d
C:\Users\vic_user\AppData\Local\Temp\ccrgDqcI.s:314    .rodata.PLLMulTable:00000000 PLLMulTable
C:\Users\vic_user\AppData\Local\Temp\ccrgDqcI.s:307    .rodata.APBPrescTable:00000000 APBPrescTable
C:\Users\vic_user\AppData\Local\Temp\ccrgDqcI.s:300    .rodata.AHBPrescTable:00000000 AHBPrescTable
C:\Users\vic_user\AppData\Local\Temp\ccrgDqcI.s:293    .data.SystemCoreClock:00000000 SystemCoreClock
C:\Users\vic_user\AppData\Local\Temp\ccrgDqcI.s:289    .data.SystemCoreClock:00000000 $d
C:\Users\vic_user\AppData\Local\Temp\ccrgDqcI.s:296    .rodata.AHBPrescTable:00000000 $d
C:\Users\vic_user\AppData\Local\Temp\ccrgDqcI.s:304    .rodata.APBPrescTable:00000000 $d
C:\Users\vic_user\AppData\Local\Temp\ccrgDqcI.s:310    .rodata.PLLMulTable:00000000 $d

UNDEFINED SYMBOLS
__aeabi_uidiv
