ARM GAS  C:\Users\vic_user\AppData\Local\Temp\ccmSOeDc.s 			page 1


   1              		.cpu cortex-m0plus
   2              		.eabi_attribute 20, 1
   3              		.eabi_attribute 21, 1
   4              		.eabi_attribute 23, 3
   5              		.eabi_attribute 24, 1
   6              		.eabi_attribute 25, 1
   7              		.eabi_attribute 26, 1
   8              		.eabi_attribute 30, 1
   9              		.eabi_attribute 34, 0
  10              		.eabi_attribute 18, 4
  11              		.file	"viccom_stm32l0xx.c"
  12              		.text
  13              	.Ltext0:
  14              		.cfi_sections	.debug_frame
  15              		.section	.text.VICCOM_stm_init,"ax",%progbits
  16              		.align	1
  17              		.global	VICCOM_stm_init
  18              		.arch armv6s-m
  19              		.syntax unified
  20              		.code	16
  21              		.thumb_func
  22              		.fpu softvfp
  24              	VICCOM_stm_init:
  25              	.LVL0:
  26              	.LFB42:
  27              		.file 1 "mcu-bsp/lib/src/viccom_stm32l0xx.c"
   1:mcu-bsp/lib/src/viccom_stm32l0xx.c **** #include <stdint.h>
   2:mcu-bsp/lib/src/viccom_stm32l0xx.c **** #include "stdint.h"
   3:mcu-bsp/lib/src/viccom_stm32l0xx.c **** #include <stdint.h>
   4:mcu-bsp/lib/src/viccom_stm32l0xx.c **** #include "stdbool.h"
   5:mcu-bsp/lib/src/viccom_stm32l0xx.c **** #include "stm32l011xx.h"
   6:mcu-bsp/lib/src/viccom_stm32l0xx.c **** #include "../inc/viccom.h"
   7:mcu-bsp/lib/src/viccom_stm32l0xx.c **** 
   8:mcu-bsp/lib/src/viccom_stm32l0xx.c **** void VICCOM_stm_init(viccom_t* state, uint8_t address) {
  28              		.loc 1 8 56 view -0
  29              		.cfi_startproc
  30              		@ args = 0, pretend = 0, frame = 0
  31              		@ frame_needed = 0, uses_anonymous_args = 0
  32              		@ link register save eliminated.
   9:mcu-bsp/lib/src/viccom_stm32l0xx.c ****     state->address = address;
  33              		.loc 1 9 5 view .LVU1
  34              		.loc 1 9 20 is_stmt 0 view .LVU2
  35 0000 0170     		strb	r1, [r0]
  10:mcu-bsp/lib/src/viccom_stm32l0xx.c ****     state->addressFlag = false;
  36              		.loc 1 10 5 is_stmt 1 view .LVU3
  37              		.loc 1 10 24 is_stmt 0 view .LVU4
  38 0002 0023     		movs	r3, #0
  39 0004 4370     		strb	r3, [r0, #1]
  11:mcu-bsp/lib/src/viccom_stm32l0xx.c ****     state->currentState = STATE_WAITING_FOR_ADDRESS;
  40              		.loc 1 11 5 is_stmt 1 view .LVU5
  41              		.loc 1 11 25 is_stmt 0 view .LVU6
  42 0006 0A22     		movs	r2, #10
  43 0008 FF32     		adds	r2, r2, #255
  44 000a 8354     		strb	r3, [r0, r2]
  12:mcu-bsp/lib/src/viccom_stm32l0xx.c **** 
  13:mcu-bsp/lib/src/viccom_stm32l0xx.c **** 
  14:mcu-bsp/lib/src/viccom_stm32l0xx.c **** }
ARM GAS  C:\Users\vic_user\AppData\Local\Temp\ccmSOeDc.s 			page 2


  45              		.loc 1 14 1 view .LVU7
  46              		@ sp needed
  47 000c 7047     		bx	lr
  48              		.cfi_endproc
  49              	.LFE42:
  51              		.section	.text.VICCOM_uartHandler,"ax",%progbits
  52              		.align	1
  53              		.global	VICCOM_uartHandler
  54              		.syntax unified
  55              		.code	16
  56              		.thumb_func
  57              		.fpu softvfp
  59              	VICCOM_uartHandler:
  60              	.LVL1:
  61              	.LFB43:
  15:mcu-bsp/lib/src/viccom_stm32l0xx.c **** 
  16:mcu-bsp/lib/src/viccom_stm32l0xx.c **** void VICCOM_uartHandler(viccom_t *state) {
  62              		.loc 1 16 42 is_stmt 1 view -0
  63              		.cfi_startproc
  64              		@ args = 0, pretend = 0, frame = 0
  65              		@ frame_needed = 0, uses_anonymous_args = 0
  66              		@ link register save eliminated.
  17:mcu-bsp/lib/src/viccom_stm32l0xx.c **** 
  18:mcu-bsp/lib/src/viccom_stm32l0xx.c ****     int data = LPUART1->RDR;
  67              		.loc 1 18 5 view .LVU9
  68              		.loc 1 18 23 is_stmt 0 view .LVU10
  69 0000 0F4B     		ldr	r3, .L6
  70 0002 5A6A     		ldr	r2, [r3, #36]
  71              	.LVL2:
  19:mcu-bsp/lib/src/viccom_stm32l0xx.c ****     if(state->currentState == STATE_WAITING_FOR_ADDRESS && data & 0x100) {
  72              		.loc 1 19 5 is_stmt 1 view .LVU11
  73              		.loc 1 19 13 is_stmt 0 view .LVU12
  74 0004 0A23     		movs	r3, #10
  75 0006 FF33     		adds	r3, r3, #255
  76 0008 C35C     		ldrb	r3, [r0, r3]
  77              		.loc 1 19 7 view .LVU13
  78 000a 002B     		cmp	r3, #0
  79 000c 0AD1     		bne	.L3
  80              		.loc 1 19 57 discriminator 1 view .LVU14
  81 000e D105     		lsls	r1, r2, #23
  82 0010 08D5     		bpl	.L3
  20:mcu-bsp/lib/src/viccom_stm32l0xx.c ****         // we received an address byte
  21:mcu-bsp/lib/src/viccom_stm32l0xx.c ****         if((data & 0xff) == 0x41) {
  83              		.loc 1 21 9 is_stmt 1 view .LVU15
  84              		.loc 1 21 18 is_stmt 0 view .LVU16
  85 0012 FF33     		adds	r3, r3, #255
  86 0014 1A40     		ands	r2, r3
  87              	.LVL3:
  88              		.loc 1 21 11 view .LVU17
  89 0016 412A     		cmp	r2, #65
  90 0018 06D1     		bne	.L2
  22:mcu-bsp/lib/src/viccom_stm32l0xx.c ****           // this is a packet for us
  23:mcu-bsp/lib/src/viccom_stm32l0xx.c ****           state->currentState = STATE_WAITING_FOR_LENGTH;
  91              		.loc 1 23 11 is_stmt 1 view .LVU18
  92              		.loc 1 23 31 is_stmt 0 view .LVU19
  93 001a 0A23     		movs	r3, #10
  94 001c FF33     		adds	r3, r3, #255
ARM GAS  C:\Users\vic_user\AppData\Local\Temp\ccmSOeDc.s 			page 3


  95 001e 403A     		subs	r2, r2, #64
  96 0020 C254     		strb	r2, [r0, r3]
  97 0022 01E0     		b	.L2
  98              	.LVL4:
  99              	.L3:
  24:mcu-bsp/lib/src/viccom_stm32l0xx.c ****         } 
  25:mcu-bsp/lib/src/viccom_stm32l0xx.c ****     } else if (state->currentState == STATE_WAITING_FOR_LENGTH && !(data & 0x100)) {
 100              		.loc 1 25 12 is_stmt 1 view .LVU20
 101              		.loc 1 25 15 is_stmt 0 view .LVU21
 102 0024 012B     		cmp	r3, #1
 103 0026 00D0     		beq	.L5
 104              	.LVL5:
 105              	.L2:
  26:mcu-bsp/lib/src/viccom_stm32l0xx.c ****       // this is a length value with correct address bit
  27:mcu-bsp/lib/src/viccom_stm32l0xx.c ****         state->rxLength = data & 0xff;
  28:mcu-bsp/lib/src/viccom_stm32l0xx.c ****         state->currentState = STATE_WAITING_FOR_CRC1;
  29:mcu-bsp/lib/src/viccom_stm32l0xx.c ****     } else if (state->currentState == STATE_WAITING_FOR_DMA_DONE) {
  30:mcu-bsp/lib/src/viccom_stm32l0xx.c ****         // DMA_CPAR_PA
  31:mcu-bsp/lib/src/viccom_stm32l0xx.c ****     }
  32:mcu-bsp/lib/src/viccom_stm32l0xx.c ****     // } else if (currentState == crclMode && !(data & 0x100)) {
  33:mcu-bsp/lib/src/viccom_stm32l0xx.c ****     //   // this is a crcl value with correct address bit
  34:mcu-bsp/lib/src/viccom_stm32l0xx.c ****     //     crcl = data & 0xff;
  35:mcu-bsp/lib/src/viccom_stm32l0xx.c ****     //     currentState = crch;
  36:mcu-bsp/lib/src/viccom_stm32l0xx.c ****     // } else if (state->currentState == STATE_WAITING_FOR_CRC2 && !(data & 0x100)) {
  37:mcu-bsp/lib/src/viccom_stm32l0xx.c ****     //   // this is a crcl value with correct address bit
  38:mcu-bsp/lib/src/viccom_stm32l0xx.c ****     //     crch = data & 0xff;
  39:mcu-bsp/lib/src/viccom_stm32l0xx.c ****     //     currentState = payloadMode;
  40:mcu-bsp/lib/src/viccom_stm32l0xx.c ****     // } else {
  41:mcu-bsp/lib/src/viccom_stm32l0xx.c ****     //   currentState = addressMode;
  42:mcu-bsp/lib/src/viccom_stm32l0xx.c ****     // }
  43:mcu-bsp/lib/src/viccom_stm32l0xx.c **** 
  44:mcu-bsp/lib/src/viccom_stm32l0xx.c **** 
  45:mcu-bsp/lib/src/viccom_stm32l0xx.c ****     return;
  46:mcu-bsp/lib/src/viccom_stm32l0xx.c **** 
  47:mcu-bsp/lib/src/viccom_stm32l0xx.c **** 
  48:mcu-bsp/lib/src/viccom_stm32l0xx.c **** }
 106              		.loc 1 48 1 view .LVU22
 107              		@ sp needed
 108 0028 7047     		bx	lr
 109              	.LVL6:
 110              	.L5:
  25:mcu-bsp/lib/src/viccom_stm32l0xx.c ****       // this is a length value with correct address bit
 111              		.loc 1 25 64 discriminator 1 view .LVU23
 112 002a D305     		lsls	r3, r2, #23
 113 002c FCD4     		bmi	.L2
  27:mcu-bsp/lib/src/viccom_stm32l0xx.c ****         state->currentState = STATE_WAITING_FOR_CRC1;
 114              		.loc 1 27 9 is_stmt 1 view .LVU24
  27:mcu-bsp/lib/src/viccom_stm32l0xx.c ****         state->currentState = STATE_WAITING_FOR_CRC1;
 115              		.loc 1 27 32 is_stmt 0 view .LVU25
 116 002e FF23     		movs	r3, #255
 117 0030 1A40     		ands	r2, r3
 118              	.LVL7:
  27:mcu-bsp/lib/src/viccom_stm32l0xx.c ****         state->currentState = STATE_WAITING_FOR_CRC1;
 119              		.loc 1 27 25 view .LVU26
 120 0032 0533     		adds	r3, r3, #5
 121 0034 C250     		str	r2, [r0, r3]
  28:mcu-bsp/lib/src/viccom_stm32l0xx.c ****     } else if (state->currentState == STATE_WAITING_FOR_DMA_DONE) {
ARM GAS  C:\Users\vic_user\AppData\Local\Temp\ccmSOeDc.s 			page 4


 122              		.loc 1 28 9 is_stmt 1 view .LVU27
  28:mcu-bsp/lib/src/viccom_stm32l0xx.c ****     } else if (state->currentState == STATE_WAITING_FOR_DMA_DONE) {
 123              		.loc 1 28 29 is_stmt 0 view .LVU28
 124 0036 0A23     		movs	r3, #10
 125 0038 FF33     		adds	r3, r3, #255
 126 003a 0222     		movs	r2, #2
 127 003c C254     		strb	r2, [r0, r3]
  31:mcu-bsp/lib/src/viccom_stm32l0xx.c ****     // } else if (currentState == crclMode && !(data & 0x100)) {
 128              		.loc 1 31 5 is_stmt 1 view .LVU29
  45:mcu-bsp/lib/src/viccom_stm32l0xx.c **** 
 129              		.loc 1 45 5 view .LVU30
 130 003e F3E7     		b	.L2
 131              	.L7:
 132              		.align	2
 133              	.L6:
 134 0040 00480040 		.word	1073760256
 135              		.cfi_endproc
 136              	.LFE43:
 138              		.section	.text.VICCOM_send,"ax",%progbits
 139              		.align	1
 140              		.global	VICCOM_send
 141              		.syntax unified
 142              		.code	16
 143              		.thumb_func
 144              		.fpu softvfp
 146              	VICCOM_send:
 147              	.LVL8:
 148              	.LFB44:
  49:mcu-bsp/lib/src/viccom_stm32l0xx.c **** 
  50:mcu-bsp/lib/src/viccom_stm32l0xx.c **** 
  51:mcu-bsp/lib/src/viccom_stm32l0xx.c **** void VICCOM_send(viccom_t* state, uint8_t* data, int len) {
 149              		.loc 1 51 59 view -0
 150              		.cfi_startproc
 151              		@ args = 0, pretend = 0, frame = 0
 152              		@ frame_needed = 0, uses_anonymous_args = 0
 153              		@ link register save eliminated.
  52:mcu-bsp/lib/src/viccom_stm32l0xx.c ****     return;
 154              		.loc 1 52 5 view .LVU32
  53:mcu-bsp/lib/src/viccom_stm32l0xx.c **** }
 155              		.loc 1 53 1 is_stmt 0 view .LVU33
 156              		@ sp needed
 157 0000 7047     		bx	lr
 158              		.cfi_endproc
 159              	.LFE44:
 161              		.section	.text.VICCOM_getBuffer,"ax",%progbits
 162              		.align	1
 163              		.global	VICCOM_getBuffer
 164              		.syntax unified
 165              		.code	16
 166              		.thumb_func
 167              		.fpu softvfp
 169              	VICCOM_getBuffer:
 170              	.LVL9:
 171              	.LFB45:
  54:mcu-bsp/lib/src/viccom_stm32l0xx.c **** 
  55:mcu-bsp/lib/src/viccom_stm32l0xx.c **** viccom_rx_t VICCOM_getBuffer(viccom_t* state) {
 172              		.loc 1 55 47 is_stmt 1 view -0
ARM GAS  C:\Users\vic_user\AppData\Local\Temp\ccmSOeDc.s 			page 5


 173              		.cfi_startproc
 174              		@ args = 0, pretend = 0, frame = 0
 175              		@ frame_needed = 0, uses_anonymous_args = 0
 176              		@ link register save eliminated.
  56:mcu-bsp/lib/src/viccom_stm32l0xx.c ****     viccom_rx_t rx = {.data = state->rxData, .length = state->rxLength};
 177              		.loc 1 56 5 view .LVU35
 178              		.loc 1 56 31 is_stmt 0 view .LVU36
 179 0000 8B1C     		adds	r3, r1, #2
 180              		.loc 1 56 17 view .LVU37
 181 0002 0360     		str	r3, [r0]
 182              		.loc 1 56 61 view .LVU38
 183 0004 8223     		movs	r3, #130
 184 0006 5B00     		lsls	r3, r3, #1
 185 0008 CB58     		ldr	r3, [r1, r3]
 186 000a 4360     		str	r3, [r0, #4]
  57:mcu-bsp/lib/src/viccom_stm32l0xx.c ****     state->dataAvailable = false;
 187              		.loc 1 57 5 is_stmt 1 view .LVU39
 188              		.loc 1 57 26 is_stmt 0 view .LVU40
 189 000c 8423     		movs	r3, #132
 190 000e 5B00     		lsls	r3, r3, #1
 191 0010 0022     		movs	r2, #0
 192 0012 CA54     		strb	r2, [r1, r3]
  58:mcu-bsp/lib/src/viccom_stm32l0xx.c ****     return rx;
 193              		.loc 1 58 5 is_stmt 1 view .LVU41
  59:mcu-bsp/lib/src/viccom_stm32l0xx.c **** }
 194              		.loc 1 59 1 is_stmt 0 view .LVU42
 195              		@ sp needed
 196 0014 7047     		bx	lr
 197              		.cfi_endproc
 198              	.LFE45:
 200              		.section	.text.VICCOM_dataAvailable,"ax",%progbits
 201              		.align	1
 202              		.global	VICCOM_dataAvailable
 203              		.syntax unified
 204              		.code	16
 205              		.thumb_func
 206              		.fpu softvfp
 208              	VICCOM_dataAvailable:
 209              	.LVL10:
 210              	.LFB46:
  60:mcu-bsp/lib/src/viccom_stm32l0xx.c **** 
  61:mcu-bsp/lib/src/viccom_stm32l0xx.c **** bool VICCOM_dataAvailable(viccom_t* state) {
 211              		.loc 1 61 44 is_stmt 1 view -0
 212              		.cfi_startproc
 213              		@ args = 0, pretend = 0, frame = 0
 214              		@ frame_needed = 0, uses_anonymous_args = 0
 215              		@ link register save eliminated.
  62:mcu-bsp/lib/src/viccom_stm32l0xx.c ****     return state->dataAvailable;
 216              		.loc 1 62 5 view .LVU44
 217              		.loc 1 62 17 is_stmt 0 view .LVU45
 218 0000 8423     		movs	r3, #132
 219 0002 5B00     		lsls	r3, r3, #1
 220 0004 C05C     		ldrb	r0, [r0, r3]
 221              	.LVL11:
  63:mcu-bsp/lib/src/viccom_stm32l0xx.c **** }...
 222              		.loc 1 63 1 view .LVU46
 223              		@ sp needed
ARM GAS  C:\Users\vic_user\AppData\Local\Temp\ccmSOeDc.s 			page 6


 224 0006 7047     		bx	lr
 225              		.cfi_endproc
 226              	.LFE46:
 228              		.text
 229              	.Letext0:
 230              		.file 2 "c:\\programdata\\chocolatey\\lib\\gcc-arm-embedded\\tools\\gcc-arm-none-eabi-10-2020-q4-m
 231              		.file 3 "c:\\programdata\\chocolatey\\lib\\gcc-arm-embedded\\tools\\gcc-arm-none-eabi-10-2020-q4-m
 232              		.file 4 "mcu-bsp/CMSIS/Device/ST/STM32L0xx/Include/stm32l011xx.h"
 233              		.file 5 "mcu-bsp/lib/src/../inc/viccom.h"
ARM GAS  C:\Users\vic_user\AppData\Local\Temp\ccmSOeDc.s 			page 7


DEFINED SYMBOLS
                            *ABS*:00000000 viccom_stm32l0xx.c
C:\Users\vic_user\AppData\Local\Temp\ccmSOeDc.s:16     .text.VICCOM_stm_init:00000000 $t
C:\Users\vic_user\AppData\Local\Temp\ccmSOeDc.s:24     .text.VICCOM_stm_init:00000000 VICCOM_stm_init
C:\Users\vic_user\AppData\Local\Temp\ccmSOeDc.s:52     .text.VICCOM_uartHandler:00000000 $t
C:\Users\vic_user\AppData\Local\Temp\ccmSOeDc.s:59     .text.VICCOM_uartHandler:00000000 VICCOM_uartHandler
C:\Users\vic_user\AppData\Local\Temp\ccmSOeDc.s:134    .text.VICCOM_uartHandler:00000040 $d
C:\Users\vic_user\AppData\Local\Temp\ccmSOeDc.s:139    .text.VICCOM_send:00000000 $t
C:\Users\vic_user\AppData\Local\Temp\ccmSOeDc.s:146    .text.VICCOM_send:00000000 VICCOM_send
C:\Users\vic_user\AppData\Local\Temp\ccmSOeDc.s:162    .text.VICCOM_getBuffer:00000000 $t
C:\Users\vic_user\AppData\Local\Temp\ccmSOeDc.s:169    .text.VICCOM_getBuffer:00000000 VICCOM_getBuffer
C:\Users\vic_user\AppData\Local\Temp\ccmSOeDc.s:201    .text.VICCOM_dataAvailable:00000000 $t
C:\Users\vic_user\AppData\Local\Temp\ccmSOeDc.s:208    .text.VICCOM_dataAvailable:00000000 VICCOM_dataAvailable

NO UNDEFINED SYMBOLS
